{"/home/t-kimathi/tkimathi/Workspace-AT/sdk/africastalking-node.js/src/index.ts":{"path":"/home/t-kimathi/tkimathi/Workspace-AT/sdk/africastalking-node.js/src/index.ts","statementMap":{"0":{"start":{"line":3,"column":4},"end":{"line":3,"column":71}},"1":{"start":{"line":3,"column":21},"end":{"line":3,"column":71}},"2":{"start":{"line":3,"column":53},"end":{"line":3,"column":71}},"3":{"start":{"line":5,"column":0},"end":{"line":5,"column":62}},"4":{"start":{"line":6,"column":0},"end":{"line":6,"column":32}},"5":{"start":{"line":7,"column":0},"end":{"line":7,"column":29}}},"fnMap":{"0":{"name":"__export","decl":{"start":{"line":2,"column":9},"end":{"line":2,"column":17}},"loc":{"start":{"line":2,"column":21},"end":{"line":4,"column":1}},"line":2}},"branchMap":{"0":{"loc":{"start":{"line":3,"column":21},"end":{"line":3,"column":71}},"type":"if","locations":[{"start":{"line":3,"column":21},"end":{"line":3,"column":71}},{"start":{"line":3,"column":21},"end":{"line":3,"column":71}}],"line":3}},"s":{"0":2,"1":41,"2":41,"3":1,"4":1,"5":1},"f":{"0":2},"b":{"0":[41,0]},"inputSourceMap":{"version":3,"file":"/home/t-kimathi/tkimathi/Workspace-AT/sdk/africastalking-node.js/src/index.ts","sources":["/home/t-kimathi/tkimathi/Workspace-AT/sdk/africastalking-node.js/src/index.ts"],"names":[],"mappings":";;;;;AAAA,gCAA2B;AAC3B,6BAAwB","sourcesContent":["export * from './products';\nexport * from './utils';\n"]},"_coverageSchema":"1a1c01bbd47fc00a2c39e90264f33305004495a9","hash":"4eb281dd602ee5881938f211b8f49a26025a9046","contentHash":"cec9a0be4e343ae0f7271f329796daba308345b2f8c1ca49bfd705c62999c93a"},"/home/t-kimathi/tkimathi/Workspace-AT/sdk/africastalking-node.js/src/products/index.ts":{"path":"/home/t-kimathi/tkimathi/Workspace-AT/sdk/africastalking-node.js/src/products/index.ts","statementMap":{"0":{"start":{"line":3,"column":4},"end":{"line":3,"column":71}},"1":{"start":{"line":3,"column":21},"end":{"line":3,"column":71}},"2":{"start":{"line":3,"column":53},"end":{"line":3,"column":71}},"3":{"start":{"line":5,"column":0},"end":{"line":5,"column":62}},"4":{"start":{"line":6,"column":13},"end":{"line":6,"column":37}},"5":{"start":{"line":7,"column":16},"end":{"line":7,"column":36}},"6":{"start":{"line":8,"column":20},"end":{"line":8,"column":44}},"7":{"start":{"line":9,"column":17},"end":{"line":9,"column":38}},"8":{"start":{"line":10,"column":12},"end":{"line":10,"column":28}},"9":{"start":{"line":11,"column":14},"end":{"line":11,"column":32}},"10":{"start":{"line":12,"column":13},"end":{"line":12,"column":30}},"11":{"start":{"line":13,"column":14},"end":{"line":13,"column":32}},"12":{"start":{"line":14,"column":0},"end":{"line":14,"column":31}},"13":{"start":{"line":15,"column":0},"end":{"line":15,"column":35}},"14":{"start":{"line":16,"column":0},"end":{"line":16,"column":32}},"15":{"start":{"line":17,"column":0},"end":{"line":17,"column":27}},"16":{"start":{"line":18,"column":0},"end":{"line":18,"column":29}},"17":{"start":{"line":19,"column":0},"end":{"line":19,"column":28}},"18":{"start":{"line":20,"column":0},"end":{"line":20,"column":29}},"19":{"start":{"line":21,"column":0},"end":{"line":37,"column":6}},"20":{"start":{"line":21,"column":50},"end":{"line":37,"column":3}},"21":{"start":{"line":30,"column":8},"end":{"line":30,"column":107}},"22":{"start":{"line":31,"column":8},"end":{"line":31,"column":54}},"23":{"start":{"line":34,"column":8},"end":{"line":34,"column":104}},"24":{"start":{"line":35,"column":8},"end":{"line":35,"column":48}}},"fnMap":{"0":{"name":"__export","decl":{"start":{"line":2,"column":9},"end":{"line":2,"column":17}},"loc":{"start":{"line":2,"column":21},"end":{"line":4,"column":1}},"line":2},"1":{"name":"(anonymous_1)","decl":{"start":{"line":21,"column":25},"end":{"line":21,"column":26}},"loc":{"start":{"line":21,"column":48},"end":{"line":37,"column":5}},"line":21},"2":{"name":"(anonymous_2)","decl":{"start":{"line":29,"column":4},"end":{"line":29,"column":5}},"loc":{"start":{"line":29,"column":18},"end":{"line":32,"column":5}},"line":29},"3":{"name":"(anonymous_3)","decl":{"start":{"line":33,"column":4},"end":{"line":33,"column":5}},"loc":{"start":{"line":33,"column":18},"end":{"line":36,"column":5}},"line":33}},"branchMap":{"0":{"loc":{"start":{"line":3,"column":21},"end":{"line":3,"column":71}},"type":"if","locations":[{"start":{"line":3,"column":21},"end":{"line":3,"column":71}},{"start":{"line":3,"column":21},"end":{"line":3,"column":71}}],"line":3}},"s":{"0":7,"1":38,"2":38,"3":1,"4":1,"5":1,"6":1,"7":1,"8":1,"9":1,"10":1,"11":1,"12":1,"13":1,"14":1,"15":1,"16":1,"17":1,"18":1,"19":1,"20":0,"21":0,"22":0,"23":0,"24":0},"f":{"0":7,"1":0,"2":0,"3":0},"b":{"0":[38,0]},"inputSourceMap":{"version":3,"file":"/home/t-kimathi/tkimathi/Workspace-AT/sdk/africastalking-node.js/src/products/index.ts","sources":["/home/t-kimathi/tkimathi/Workspace-AT/sdk/africastalking-node.js/src/products/index.ts"],"names":[],"mappings":";;;;;AAEA,sCAAuD;AACvD,qCAAoC;AACpC,6CAA4C;AAC5C,uCAAsC;AACtC,6BAA4B;AAC5B,iCAAgC;AAChC,+BAA8B;AAC9B,iCAAgC;AAGhC,+BAA0B;AAC1B,mCAA8B;AAC9B,gCAA2B;AAC3B,2BAAsB;AACtB,6BAAwB;AACxB,4BAAuB;AACvB,6BAAwB;AAGX,QAAA,cAAc,GAAG,UAAC,WAAwB,IAAqB,OAAA,CAAC;IAC3E,OAAO,EAAE,iBAAO,CAAC,WAAW,CAAC;IAC7B,WAAW,EAAE,yBAAW,CAAC,WAAW,CAAC;IACrC,QAAQ,EAAE,mBAAQ,CAAC,WAAW,CAAC;IAC/B,GAAG,EAAE,SAAG,CAAC,WAAW,CAAC;IACrB,KAAK,EAAE,aAAK,CAAC,WAAW,CAAC;IACzB,IAAI,aAAA;IACJ,KAAK,EAAE,aAAK,CAAC,WAAW,CAAC;IAEzB,IAAI,OAAO;QACT,6BAAsB,CAAC,0BAA0B,EAAE,8BAA8B,EAAE,OAAO,CAAC,CAAC;QAC5F,OAAO,yBAAW,CAAC,WAAW,CAAC,CAAC;IAClC,CAAC;IACD,IAAI,OAAO;QACT,6BAAsB,CAAC,0BAA0B,EAAE,2BAA2B,EAAE,OAAO,CAAC,CAAC;QACzF,OAAO,mBAAQ,CAAC,WAAW,CAAC,CAAC;IAC/B,CAAC;CACF,CAAC,EAjB0E,CAiB1E,CAAC","sourcesContent":["import { Credentials } from '../utils/getFullCredentials.types';\nimport { AFRICASTALKING } from './index.types';\nimport { showDeprecationWarning } from '../utils/misc';\nimport { AIRTIME } from './airtime';\nimport { APPLICATION } from './application';\nimport { PAYMENTS } from './payments';\nimport { SMS } from './sms';\nimport { TOKEN } from './token';\nimport { USSD } from './ussd';\nimport { VOICE } from './voice';\n\n// exports 1: types & pure functions\nexport * from './airtime';\nexport * from './application';\nexport * from './payments';\nexport * from './sms';\nexport * from './token';\nexport * from './ussd';\nexport * from './voice';\n\n// exports 2: instance-based functions\nexport const AfricasTalking = (credentials: Credentials): AFRICASTALKING => ({\n  AIRTIME: AIRTIME(credentials),\n  APPLICATION: APPLICATION(credentials),\n  PAYMENTS: PAYMENTS(credentials),\n  SMS: SMS(credentials),\n  TOKEN: TOKEN(credentials),\n  USSD,\n  VOICE: VOICE(credentials),\n\n  get ACCOUNT() {\n    showDeprecationWarning('AfricasTalking().ACCOUNT', 'AfricasTalking().APPLICATION', 'minor');\n    return APPLICATION(credentials);\n  },\n  get PAYMENT() {\n    showDeprecationWarning('AfricasTalking().PAYMENT', 'AfricasTalking().PAYMENTS', 'minor');\n    return PAYMENTS(credentials);\n  },\n});\n\n// export const AfricasTalkingFuture = (credentials: Credentials) => ({\n//   ...AIRTIME(credentials),\n//   ...APPLICATION(credentials),\n//   ...PAYMENTS(credentials),\n//   ...SMS(credentials),\n//   ...TOKEN(credentials),\n//   ...USSD,\n//   ...VOICE(credentials),\n// });\n\n\n// import { makeCall, ...a } from './voice';\n\n// TODO: the future!!!!\n// import * as as from './sms';\n\n// export const AfricasTalkingFuture = (credentials: Credentials) => {\n//   let final = {};\n\n//   Object.entries(as).forEach(([key, value]) => {\n//     final[key] = value(credentials);\n//   })\n\n//   return final;\n// };\n"]},"_coverageSchema":"1a1c01bbd47fc00a2c39e90264f33305004495a9","hash":"3a97a0b7253c34c0953dd73fecd5e3ebfafb2f9d","contentHash":"ee90865ce774ae863d999fa9ecd39c7ae483eb29daf140199231615d44da3533"},"/home/t-kimathi/tkimathi/Workspace-AT/sdk/africastalking-node.js/src/utils/misc.ts":{"path":"/home/t-kimathi/tkimathi/Workspace-AT/sdk/africastalking-node.js/src/utils/misc.ts","statementMap":{"0":{"start":{"line":2,"column":22},"end":{"line":4,"column":1}},"1":{"start":{"line":3,"column":4},"end":{"line":3,"column":62}},"2":{"start":{"line":5,"column":0},"end":{"line":5,"column":62}},"3":{"start":{"line":6,"column":14},"end":{"line":6,"column":47}},"4":{"start":{"line":7,"column":14},"end":{"line":7,"column":47}},"5":{"start":{"line":8,"column":15},"end":{"line":8,"column":34}},"6":{"start":{"line":9,"column":0},"end":{"line":16,"column":2}},"7":{"start":{"line":10,"column":13},"end":{"line":10,"column":34}},"8":{"start":{"line":10,"column":44},"end":{"line":10,"column":52}},"9":{"start":{"line":10,"column":62},"end":{"line":10,"column":70}},"10":{"start":{"line":11,"column":4},"end":{"line":14,"column":5}},"11":{"start":{"line":12,"column":31},"end":{"line":12,"column":94}},"12":{"start":{"line":12,"column":64},"end":{"line":12,"column":81}},"13":{"start":{"line":13,"column":8},"end":{"line":13,"column":42}},"14":{"start":{"line":15,"column":4},"end":{"line":15,"column":17}},"15":{"start":{"line":17,"column":0},"end":{"line":31,"column":2}},"16":{"start":{"line":18,"column":27},"end":{"line":18,"column":48}},"17":{"start":{"line":18,"column":61},"end":{"line":18,"column":74}},"18":{"start":{"line":18,"column":85},"end":{"line":18,"column":96}},"19":{"start":{"line":18,"column":103},"end":{"line":18,"column":112}},"20":{"start":{"line":18,"column":121},"end":{"line":18,"column":146}},"21":{"start":{"line":18,"column":158},"end":{"line":18,"column":170}},"22":{"start":{"line":18,"column":181},"end":{"line":18,"column":192}},"23":{"start":{"line":19,"column":4},"end":{"line":30,"column":7}},"24":{"start":{"line":26,"column":8},"end":{"line":28,"column":9}},"25":{"start":{"line":27,"column":12},"end":{"line":27,"column":46}},"26":{"start":{"line":29,"column":8},"end":{"line":29,"column":43}},"27":{"start":{"line":32,"column":0},"end":{"line":38,"column":2}},"28":{"start":{"line":33,"column":4},"end":{"line":33,"column":58}},"29":{"start":{"line":33,"column":34},"end":{"line":33,"column":56}},"30":{"start":{"line":34,"column":4},"end":{"line":34,"column":98}},"31":{"start":{"line":34,"column":27},"end":{"line":34,"column":96}},"32":{"start":{"line":35,"column":17},"end":{"line":35,"column":82}},"33":{"start":{"line":36,"column":14},"end":{"line":36,"column":354}},"34":{"start":{"line":37,"column":4},"end":{"line":37,"column":36}}},"fnMap":{"0":{"name":"(anonymous_0)","decl":{"start":{"line":2,"column":56},"end":{"line":2,"column":57}},"loc":{"start":{"line":2,"column":71},"end":{"line":4,"column":1}},"line":2},"1":{"name":"(anonymous_1)","decl":{"start":{"line":9,"column":28},"end":{"line":9,"column":29}},"loc":{"start":{"line":9,"column":52},"end":{"line":16,"column":1}},"line":9},"2":{"name":"(anonymous_2)","decl":{"start":{"line":12,"column":49},"end":{"line":12,"column":50}},"loc":{"start":{"line":12,"column":62},"end":{"line":12,"column":83}},"line":12},"3":{"name":"(anonymous_3)","decl":{"start":{"line":17,"column":22},"end":{"line":17,"column":23}},"loc":{"start":{"line":17,"column":38},"end":{"line":31,"column":1}},"line":17},"4":{"name":"(anonymous_4)","decl":{"start":{"line":25,"column":12},"end":{"line":25,"column":13}},"loc":{"start":{"line":25,"column":29},"end":{"line":30,"column":5}},"line":25},"5":{"name":"(anonymous_5)","decl":{"start":{"line":32,"column":33},"end":{"line":32,"column":34}},"loc":{"start":{"line":32,"column":96},"end":{"line":38,"column":1}},"line":32}},"branchMap":{"0":{"loc":{"start":{"line":2,"column":22},"end":{"line":4,"column":1}},"type":"binary-expr","locations":[{"start":{"line":2,"column":23},"end":{"line":2,"column":27}},{"start":{"line":2,"column":31},"end":{"line":2,"column":51}},{"start":{"line":2,"column":56},"end":{"line":4,"column":1}}],"line":2},"1":{"loc":{"start":{"line":3,"column":11},"end":{"line":3,"column":61}},"type":"cond-expr","locations":[{"start":{"line":3,"column":37},"end":{"line":3,"column":40}},{"start":{"line":3,"column":43},"end":{"line":3,"column":61}}],"line":3},"2":{"loc":{"start":{"line":3,"column":12},"end":{"line":3,"column":33}},"type":"binary-expr","locations":[{"start":{"line":3,"column":12},"end":{"line":3,"column":15}},{"start":{"line":3,"column":19},"end":{"line":3,"column":33}}],"line":3},"3":{"loc":{"start":{"line":11,"column":4},"end":{"line":14,"column":5}},"type":"if","locations":[{"start":{"line":11,"column":4},"end":{"line":14,"column":5}},{"start":{"line":11,"column":4},"end":{"line":14,"column":5}}],"line":11},"4":{"loc":{"start":{"line":18,"column":121},"end":{"line":18,"column":146}},"type":"cond-expr","locations":[{"start":{"line":18,"column":137},"end":{"line":18,"column":141}},{"start":{"line":18,"column":144},"end":{"line":18,"column":146}}],"line":18},"5":{"loc":{"start":{"line":26,"column":8},"end":{"line":28,"column":9}},"type":"if","locations":[{"start":{"line":26,"column":8},"end":{"line":28,"column":9}},{"start":{"line":26,"column":8},"end":{"line":28,"column":9}}],"line":26},"6":{"loc":{"start":{"line":33,"column":4},"end":{"line":33,"column":58}},"type":"if","locations":[{"start":{"line":33,"column":4},"end":{"line":33,"column":58}},{"start":{"line":33,"column":4},"end":{"line":33,"column":58}}],"line":33},"7":{"loc":{"start":{"line":34,"column":4},"end":{"line":34,"column":98}},"type":"if","locations":[{"start":{"line":34,"column":4},"end":{"line":34,"column":98}},{"start":{"line":34,"column":4},"end":{"line":34,"column":98}}],"line":34}},"s":{"0":1,"1":2,"2":1,"3":1,"4":1,"5":1,"6":1,"7":173,"8":173,"9":173,"10":173,"11":52,"12":54,"13":52,"14":121,"15":1,"16":28,"17":28,"18":28,"19":28,"20":28,"21":28,"22":28,"23":28,"24":26,"25":0,"26":26,"27":1,"28":0,"29":0,"30":0,"31":0,"32":0,"33":0,"34":0},"f":{"0":2,"1":173,"2":54,"3":28,"4":26,"5":0},"b":{"0":[1,1,1],"1":[0,2],"2":[2,2],"3":[52,121],"4":[7,21],"5":[0,26],"6":[0,0],"7":[0,0]},"inputSourceMap":{"version":3,"file":"/home/t-kimathi/tkimathi/Workspace-AT/sdk/africastalking-node.js/src/utils/misc.ts","sources":["/home/t-kimathi/tkimathi/Workspace-AT/sdk/africastalking-node.js/src/utils/misc.ts"],"names":[],"mappings":";;;;;AACA,gDAA0B;AAC1B,gDAA0B;AAE1B,mCAAkC;AAErB,QAAA,iBAAiB,GAAG,UAAI,MAAc,EAAE,IAAS;IACtD,IAAA,0BAAwC,EAAtC,gBAAK,EAAE,gBAA+B,CAAC;IAE/C,IAAI,KAAK,EAAE;QACT,IAAM,gBAAgB,GAAG,KAAK,CAAC,OAAO,CAAC,GAAG,CAAC,UAAC,CAAC,IAAK,OAAA,CAAC,CAAC,OAAO,EAAT,CAAS,CAAC,CAAC,IAAI,CAAC,GAAG,CAAC,CAAC;QACvE,MAAM,IAAI,KAAK,CAAC,gBAAgB,CAAC,CAAC;KACnC;IAED,OAAO,KAAK,CAAC;AACf,CAAC,CAAC;AAEW,QAAA,WAAW,GAAG,UACzB,IAA0C;IAGxC,IAAA,wCAAgB,EAAE,wBAAQ,EAAE,oBAAM,EAAE,cAAW,EAAX,gCAAW,EAAE,sBAAO,EAAE,oBAAM,CACzD;IAET,OAAO,eAAK,CAAC;QACX,GAAG,EAAE,eAAM,CAAC,gBAAgB,EAAE,QAAQ,CAAC;QACvC,MAAM,QAAA;QACN,IAAI,MAAA;QACJ,OAAO,SAAA;QACP,MAAM,QAAA;KACP,CAAC,CAAC,IAAI,CAAC,UAAC,KAAK;QACZ,IAAI,CAAC,CAAC,GAAG,EAAE,GAAG,CAAC,CAAC,QAAQ,CAAC,KAAK,CAAC,MAAM,CAAC,EAAE;YACtC,OAAO,OAAO,CAAC,MAAM,CAAC,KAAK,CAAC,IAAI,CAAC,CAAC;SACnC;QAED,OAAO,OAAO,CAAC,OAAO,CAAC,KAAK,CAAC,IAAI,CAAC,CAAC;IACrC,CAAC,CAAC,CAAC;AACL,CAAC,CAAC;AAEW,QAAA,sBAAsB,GAAG,UACpC,eAAuB,EACvB,eAAuB,EACvB,WAAwC,EACxC,IAA4E;IAD5E,4BAAA,EAAA,qBAAwC;IACxC,qBAAA,EAAA,oEAA4E;IAE5E,IAAM,MAAM,GAAG,eAAK,CAAC,IAAI,CAAC,KAAK,CAAC,SAAS,CAAC,CAAC,0BACtB,CAAC,CAAC;IAEvB,IAAM,GAAG,GAAG,eAAK,CAAC,OAAO,CAAC,QAAQ,CAAC,CAAC,SAClC,eAAK,CAAC,IAAI,CAAC,eAAe,CAAC,6DAAwD,eAAK,CAAC,IAAI,CAAC,WAAW,CAAC,gCAC/F,eAAK,CAAC,IAAI,CAAC,eAAe,CAAC,2DACA,eAAK,CAAC,SAAS,CAAC,IAAI,CAAC,MAAG,CAAC,CAAC;IAGlE,OAAO,CAAC,IAAI,CAAC,KAAG,MAAM,GAAG,GAAK,CAAC,CAAC;AAClC,CAAC,CAAC","sourcesContent":["import { Schema } from 'joi';\nimport chalk from 'chalk';\nimport axios from 'axios';\nimport { SendRequestOptions } from './misc.types';\nimport { getUrl } from './getUrl';\n\nexport const validateJoiSchema = <T>(schema: Schema, data: any): T => {\n  const { error, value } = schema.validate(data);\n\n  if (error) {\n    const combinedMessages = error.details.map((d) => d.message).join(';');\n    throw new Error(combinedMessages);\n  }\n\n  return value;\n};\n\nexport const sendRequest = <Response, PostData = null, Params = any>(\n  opts: SendRequestOptions<PostData, Params>,\n): Promise<Response> => {\n  const {\n    endpointCategory, username, method, data = null, headers, params,\n  } = opts;\n\n  return axios({\n    url: getUrl(endpointCategory, username),\n    method,\n    data,\n    headers,\n    params,\n  }).then((value) => {\n    if (![200, 201].includes(value.status)) {\n      return Promise.reject(value.data);\n    }\n\n    return Promise.resolve(value.data);\n  });\n};\n\nexport const showDeprecationWarning = (\n  oldFunctionName: string,\n  newFunctionName: string,\n  releaseType: 'minor' | 'major' = 'major',\n  link: string = 'https://github.com/AfricasTalkingLtd/africastalking-node.js',\n): void => {\n  const header = chalk.bold.bgHex('#D15E00')(`\n  Deprecation warning:`);\n\n  const msg = chalk.keyword('orange')(`\n  ${chalk.bold(oldFunctionName)} is being deprecated and will be removed in upcoming ${chalk.bold(releaseType)} release.\n  Please use ${chalk.bold(newFunctionName)} instead.\n  For more information, please refer to ${chalk.underline(link)}.`);\n\n  // eslint-disable-next-line no-console\n  console.warn(`${header}${msg}`);\n};\n"]},"_coverageSchema":"1a1c01bbd47fc00a2c39e90264f33305004495a9","hash":"614ecb343b87ecc9c25fcb259698db317eb66bf1","contentHash":"59c25a12a0bffa68f420c4b8132589942af7c7d16e4863a5329afcafba5f573a"},"/home/t-kimathi/tkimathi/Workspace-AT/sdk/africastalking-node.js/src/utils/getUrl.ts":{"path":"/home/t-kimathi/tkimathi/Workspace-AT/sdk/africastalking-node.js/src/utils/getUrl.ts","statementMap":{"0":{"start":{"line":2,"column":0},"end":{"line":2,"column":62}},"1":{"start":{"line":3,"column":17},"end":{"line":13,"column":1}},"2":{"start":{"line":4,"column":4},"end":{"line":12,"column":5}},"3":{"start":{"line":7,"column":12},"end":{"line":7,"column":85}},"4":{"start":{"line":9,"column":12},"end":{"line":9,"column":90}},"5":{"start":{"line":11,"column":12},"end":{"line":11,"column":87}},"6":{"start":{"line":14,"column":16},"end":{"line":41,"column":1}},"7":{"start":{"line":42,"column":0},"end":{"line":46,"column":2}},"8":{"start":{"line":43,"column":20},"end":{"line":43,"column":56}},"9":{"start":{"line":44,"column":19},"end":{"line":44,"column":46}},"10":{"start":{"line":45,"column":4},"end":{"line":45,"column":84}}},"fnMap":{"0":{"name":"(anonymous_0)","decl":{"start":{"line":3,"column":17},"end":{"line":3,"column":18}},"loc":{"start":{"line":3,"column":55},"end":{"line":13,"column":1}},"line":3},"1":{"name":"(anonymous_1)","decl":{"start":{"line":42,"column":17},"end":{"line":42,"column":18}},"loc":{"start":{"line":42,"column":55},"end":{"line":46,"column":1}},"line":42}},"branchMap":{"0":{"loc":{"start":{"line":4,"column":4},"end":{"line":12,"column":5}},"type":"switch","locations":[{"start":{"line":5,"column":8},"end":{"line":5,"column":16}},{"start":{"line":6,"column":8},"end":{"line":7,"column":85}},{"start":{"line":8,"column":8},"end":{"line":9,"column":90}},{"start":{"line":10,"column":8},"end":{"line":11,"column":87}}],"line":4},"1":{"loc":{"start":{"line":7,"column":36},"end":{"line":7,"column":59}},"type":"binary-expr","locations":[{"start":{"line":7,"column":36},"end":{"line":7,"column":45}},{"start":{"line":7,"column":49},"end":{"line":7,"column":59}}],"line":7},"2":{"loc":{"start":{"line":9,"column":41},"end":{"line":9,"column":64}},"type":"binary-expr","locations":[{"start":{"line":9,"column":41},"end":{"line":9,"column":50}},{"start":{"line":9,"column":54},"end":{"line":9,"column":64}}],"line":9},"3":{"loc":{"start":{"line":11,"column":38},"end":{"line":11,"column":61}},"type":"binary-expr","locations":[{"start":{"line":11,"column":38},"end":{"line":11,"column":47}},{"start":{"line":11,"column":51},"end":{"line":11,"column":61}}],"line":11}},"s":{"0":1,"1":1,"2":28,"3":13,"4":15,"5":0,"6":1,"7":1,"8":28,"9":28,"10":28},"f":{"0":28,"1":28},"b":{"0":[0,13,15,0],"1":[13,13],"2":[15,15],"3":[0,0]},"inputSourceMap":{"version":3,"file":"/home/t-kimathi/tkimathi/Workspace-AT/sdk/africastalking-node.js/src/utils/getUrl.ts","sources":["/home/t-kimathi/tkimathi/Workspace-AT/sdk/africastalking-node.js/src/utils/getUrl.ts"],"names":[],"mappings":";;AAEA,IAAM,UAAU,GAAG,UAAC,eAAgC,EAAE,SAAkB;IACtE,QAAQ,eAAe,EAAE;QACvB,QAAQ;QACR,KAAK,KAAK;YACR,OAAO,iBAAc,SAAS,IAAI,UAAU,yBAAqB,CAAC;QAEpE,KAAK,UAAU;YACb,OAAO,sBAAmB,SAAS,IAAI,UAAU,yBAAqB,CAAC;QAEzE,KAAK,OAAO;YACV,OAAO,mBAAgB,SAAS,IAAI,UAAU,yBAAqB,CAAC;KACvE;AACH,CAAC,CAAC;AAEF,IAAM,SAAS,GAAc;IAC3B,OAAO,EAAE,EAAE,eAAe,EAAE,KAAK,EAAE,QAAQ,EAAE,wBAAwB,EAAE;IACvE,WAAW,EAAE,EAAE,eAAe,EAAE,KAAK,EAAE,QAAQ,EAAE,gBAAgB,EAAE;IACnE,GAAG,EAAE,EAAE,eAAe,EAAE,KAAK,EAAE,QAAQ,EAAE,qBAAqB,EAAE;IAChE,mBAAmB,EAAE,EAAE,eAAe,EAAE,KAAK,EAAE,QAAQ,EAAE,sBAAsB,EAAE;IACjF,qBAAqB,EAAE,EAAE,eAAe,EAAE,KAAK,EAAE,QAAQ,EAAE,wBAAwB,EAAE;IACrF,mBAAmB,EAAE,EAAE,eAAe,EAAE,KAAK,EAAE,QAAQ,EAAE,+BAA+B,EAAE;IAC1F,kBAAkB,EAAE,EAAE,eAAe,EAAE,KAAK,EAAE,QAAQ,EAAE,wBAAwB,EAAE;IAClF,mBAAmB,EAAE,EAAE,eAAe,EAAE,KAAK,EAAE,QAAQ,EAAE,+BAA+B,EAAE;IAC1F,eAAe,EAAE,EAAE,eAAe,EAAE,UAAU,EAAE,QAAQ,EAAE,0BAA0B,EAAE;IACtF,UAAU,EAAE,EAAE,eAAe,EAAE,UAAU,EAAE,QAAQ,EAAE,qBAAqB,EAAE;IAC5E,UAAU,EAAE,EAAE,eAAe,EAAE,UAAU,EAAE,QAAQ,EAAE,qBAAqB,EAAE;IAC5E,WAAW,EAAE,EAAE,eAAe,EAAE,UAAU,EAAE,QAAQ,EAAE,sBAAsB,EAAE;IAC9E,oBAAoB,EAAE,EAAE,eAAe,EAAE,UAAU,EAAE,QAAQ,EAAE,uBAAuB,EAAE;IACxF,sBAAsB,EAAE,EAAE,eAAe,EAAE,UAAU,EAAE,QAAQ,EAAE,yBAAyB,EAAE;IAC5F,aAAa,EAAE,EAAE,eAAe,EAAE,UAAU,EAAE,QAAQ,EAAE,gBAAgB,EAAE;IAC1E,eAAe,EAAE,EAAE,eAAe,EAAE,UAAU,EAAE,QAAQ,EAAE,kBAAkB,EAAE;IAC9E,WAAW,EAAE,EAAE,eAAe,EAAE,UAAU,EAAE,QAAQ,EAAE,cAAc,EAAE;IACtE,oBAAoB,EAAE,EAAE,eAAe,EAAE,UAAU,EAAE,QAAQ,EAAE,uBAAuB,EAAE;IACxF,sBAAsB,EAAE,EAAE,eAAe,EAAE,UAAU,EAAE,QAAQ,EAAE,yBAAyB,EAAE;IAC5F,0BAA0B,EAAE,EAAE,eAAe,EAAE,UAAU,EAAE,QAAQ,EAAE,0BAA0B,EAAE;IACjG,gBAAgB,EAAE,EAAE,eAAe,EAAE,UAAU,EAAE,QAAQ,EAAE,yBAAyB,EAAE;IACtF,yBAAyB,EAAE,EAAE,eAAe,EAAE,UAAU,EAAE,QAAQ,EAAE,qBAAqB,EAAE;IAC3F,oBAAoB,EAAE,EAAE,eAAe,EAAE,UAAU,EAAE,QAAQ,EAAE,uBAAuB,EAAE;IACxF,SAAS,EAAE,EAAE,eAAe,EAAE,OAAO,EAAE,QAAQ,EAAE,OAAO,EAAE;IAC1D,oBAAoB,EAAE,EAAE,eAAe,EAAE,OAAO,EAAE,QAAQ,EAAE,cAAc,EAAE;IAC5E,iBAAiB,EAAE,EAAE,eAAe,EAAE,OAAO,EAAE,QAAQ,EAAE,cAAc,EAAE;CAC1E,CAAC;AAEW,QAAA,MAAM,GAAG,UAAC,gBAAkC,EAAE,QAAgB;IACzE,IAAM,SAAS,GAAG,QAAQ,CAAC,WAAW,EAAE,KAAK,SAAS,CAAC;IACvD,IAAM,QAAQ,GAAG,SAAS,CAAC,gBAAgB,CAAC,CAAC;IAE7C,OAAO,KAAG,UAAU,CAAC,QAAQ,CAAC,eAAe,EAAE,SAAS,CAAC,GAAG,QAAQ,CAAC,QAAU,CAAC;AAClF,CAAC,CAAC","sourcesContent":["import { BaseUrlCategory, Endpoints, EndpointCategory } from './getUrl.types';\n\nconst getBaseUrl = (baseUrlCategory: BaseUrlCategory, isSandbox: boolean): string => {\n  switch (baseUrlCategory) {\n    default:\n    case 'API':\n      return `https://api${isSandbox && '.sandbox'}.africastalking.com`;\n\n    case 'PAYMENTS':\n      return `https://payments${isSandbox && '.sandbox'}.africastalking.com`;\n\n    case 'VOICE':\n      return `https://voice${isSandbox && '.sandbox'}.africastalking.com`;\n  }\n};\n\nconst endpoints: Endpoints = {\n  AIRTIME: { baseUrlCategory: 'API', endpoint: '/version1/airtime/send' },\n  APPLICATION: { baseUrlCategory: 'API', endpoint: '/version1/user' },\n  SMS: { baseUrlCategory: 'API', endpoint: '/version1/messaging' },\n  GENERATE_AUTH_TOKEN: { baseUrlCategory: 'API', endpoint: '/auth-token/generate' },\n  CREATE_CHECKOUT_TOKEN: { baseUrlCategory: 'API', endpoint: '/checkout/token/create' },\n  CREATE_SUBSCRIPTION: { baseUrlCategory: 'API', endpoint: '/version1/subscription/create' },\n  FETCH_SUBSCRIPTION: { baseUrlCategory: 'API', endpoint: '/version1/subscription' },\n  DELETE_SUBSCRIPTION: { baseUrlCategory: 'API', endpoint: '/version1/subscription/delete' },\n  MOBILE_CHECKOUT: { baseUrlCategory: 'PAYMENTS', endpoint: '/mobile/checkout/request' },\n  MOBILE_B2C: { baseUrlCategory: 'PAYMENTS', endpoint: '/mobile/b2c/request' },\n  MOBILE_B2B: { baseUrlCategory: 'PAYMENTS', endpoint: '/mobile/b2b/request' },\n  MOBILE_DATA: { baseUrlCategory: 'PAYMENTS', endpoint: '/mobile/data/request' },\n  BANK_CHECKOUT_CHARGE: { baseUrlCategory: 'PAYMENTS', endpoint: '/bank/checkout/charge' },\n  BANK_CHECKOUT_VALIDATE: { baseUrlCategory: 'PAYMENTS', endpoint: '/bank/checkout/validate' },\n  BANK_TRANSFER: { baseUrlCategory: 'PAYMENTS', endpoint: '/bank/transfer' },\n  WALLET_TRANSFER: { baseUrlCategory: 'PAYMENTS', endpoint: '/transfer/wallet' },\n  TOPUP_STASH: { baseUrlCategory: 'PAYMENTS', endpoint: '/topup/stash' },\n  CARD_CHECKOUT_CHARGE: { baseUrlCategory: 'PAYMENTS', endpoint: '/card/checkout/charge' },\n  CARD_CHECKOUT_VALIDATE: { baseUrlCategory: 'PAYMENTS', endpoint: '/card/checkout/validate' },\n  FETCH_PRODUCT_TRANSACTIONS: { baseUrlCategory: 'PAYMENTS', endpoint: '/query/transaction/fetch' },\n  FIND_TRANSACTION: { baseUrlCategory: 'PAYMENTS', endpoint: '/query/transaction/find' },\n  FETCH_WALLET_TRANSACTIONS: { baseUrlCategory: 'PAYMENTS', endpoint: '/query/wallet/fetch' },\n  FETCH_WALLET_BALANCE: { baseUrlCategory: 'PAYMENTS', endpoint: '/query/wallet/balance' },\n  MAKE_CALL: { baseUrlCategory: 'VOICE', endpoint: '/call' },\n  GET_NUM_QUEUED_CALLS: { baseUrlCategory: 'VOICE', endpoint: '/queueStatus' },\n  UPLOAD_MEDIA_FILE: { baseUrlCategory: 'VOICE', endpoint: '/mediaUpload' },\n};\n\nexport const getUrl = (endpointCategory: EndpointCategory, username: string): string => {\n  const isSandbox = username.toLowerCase() === 'sandbox';\n  const endpoint = endpoints[endpointCategory];\n\n  return `${getBaseUrl(endpoint.baseUrlCategory, isSandbox)}${endpoint.endpoint}`;\n};\n"]},"_coverageSchema":"1a1c01bbd47fc00a2c39e90264f33305004495a9","hash":"d657b2f298be94d5b9be0c7c8064e82a82959807","contentHash":"bfe1125840c42db3a4bf138107b16bdd341789c8d95a9cd418dd9ae874f12519"},"/home/t-kimathi/tkimathi/Workspace-AT/sdk/africastalking-node.js/src/products/airtime/index.ts":{"path":"/home/t-kimathi/tkimathi/Workspace-AT/sdk/africastalking-node.js/src/products/airtime/index.ts","statementMap":{"0":{"start":{"line":2,"column":0},"end":{"line":2,"column":62}},"1":{"start":{"line":3,"column":27},"end":{"line":3,"column":58}},"2":{"start":{"line":4,"column":13},"end":{"line":4,"column":40}},"3":{"start":{"line":5,"column":27},"end":{"line":5,"column":58}},"4":{"start":{"line":6,"column":0},"end":{"line":6,"column":69}},"5":{"start":{"line":7,"column":0},"end":{"line":13,"column":6}},"6":{"start":{"line":7,"column":43},"end":{"line":13,"column":3}},"7":{"start":{"line":10,"column":8},"end":{"line":10,"column":97}},"8":{"start":{"line":11,"column":8},"end":{"line":11,"column":68}}},"fnMap":{"0":{"name":"(anonymous_0)","decl":{"start":{"line":7,"column":18},"end":{"line":7,"column":19}},"loc":{"start":{"line":7,"column":41},"end":{"line":13,"column":5}},"line":7},"1":{"name":"(anonymous_1)","decl":{"start":{"line":9,"column":4},"end":{"line":9,"column":5}},"loc":{"start":{"line":9,"column":15},"end":{"line":12,"column":5}},"line":9}},"branchMap":{},"s":{"0":1,"1":1,"2":1,"3":1,"4":1,"5":1,"6":1,"7":0,"8":0},"f":{"0":1,"1":0},"b":{},"inputSourceMap":{"version":3,"file":"/home/t-kimathi/tkimathi/Workspace-AT/sdk/africastalking-node.js/src/products/airtime/index.ts","sources":["/home/t-kimathi/tkimathi/Workspace-AT/sdk/africastalking-node.js/src/products/airtime/index.ts"],"names":[],"mappings":";;AAEA,2DAA0D;AAC1D,yCAA0D;AAM1D,2DAA0D;AAAjD,kDAAA,kBAAkB,CAAA;AAGd,QAAA,OAAO,GAAG,UAAC,WAAwB,IAAc,OAAA,CAAC;IAC7D,kBAAkB,EAAE,uCAAkB,CAAC,WAAW,CAAC;IAEnD,IAAI,IAAI;QACN,6BAAsB,CAAC,gBAAgB,EAAE,8BAA8B,EAAE,OAAO,CAAC,CAAC;QAClF,OAAO,uCAAkB,CAAC,WAAW,CAAC,CAAC;IACzC,CAAC;CACF,CAAC,EAP4D,CAO5D,CAAC","sourcesContent":["import { Airtime } from './index.types';\nimport { Credentials } from '../../utils/getFullCredentials.types';\nimport { sendAirtimeRequest } from './sendAirtimeRequest';\nimport { showDeprecationWarning } from '../../utils/misc';\n\n// exports 1: types\nexport { SendAirtimeOptions, SendAirtimeResponse } from './sendAirtimeRequest.types';\n\n// exports 2: pure functions\nexport { sendAirtimeRequest } from './sendAirtimeRequest';\n\n// exports 3: instance-based functions\nexport const AIRTIME = (credentials: Credentials): Airtime => ({\n  sendAirtimeRequest: sendAirtimeRequest(credentials),\n\n  get send() {\n    showDeprecationWarning('AIRTIME.send()', 'AIRTIME.sendAirtimeRequest()', 'minor');\n    return sendAirtimeRequest(credentials);\n  },\n});\n"]},"_coverageSchema":"1a1c01bbd47fc00a2c39e90264f33305004495a9","hash":"ed6ed1ad4e1ef83059f45d27a95efb8177e2c386","contentHash":"e9e433b9aee186cf6e1b12a8b62926629bae77cfca27f68ce3b3dbcd1737e028"},"/home/t-kimathi/tkimathi/Workspace-AT/sdk/africastalking-node.js/src/products/airtime/sendAirtimeRequest.ts":{"path":"/home/t-kimathi/tkimathi/Workspace-AT/sdk/africastalking-node.js/src/products/airtime/sendAirtimeRequest.ts","statementMap":{"0":{"start":{"line":2,"column":16},"end":{"line":10,"column":1}},"1":{"start":{"line":3,"column":28},"end":{"line":3,"column":110}},"2":{"start":{"line":3,"column":91},"end":{"line":3,"column":106}},"3":{"start":{"line":4,"column":4},"end":{"line":9,"column":7}},"4":{"start":{"line":5,"column":36},"end":{"line":5,"column":97}},"5":{"start":{"line":5,"column":42},"end":{"line":5,"column":70}},"6":{"start":{"line":5,"column":85},"end":{"line":5,"column":95}},"7":{"start":{"line":6,"column":35},"end":{"line":6,"column":100}},"8":{"start":{"line":6,"column":41},"end":{"line":6,"column":73}},"9":{"start":{"line":6,"column":88},"end":{"line":6,"column":98}},"10":{"start":{"line":7,"column":32},"end":{"line":7,"column":116}},"11":{"start":{"line":8,"column":8},"end":{"line":8,"column":78}},"12":{"start":{"line":11,"column":18},"end":{"line":37,"column":1}},"13":{"start":{"line":12,"column":12},"end":{"line":12,"column":104}},"14":{"start":{"line":12,"column":43},"end":{"line":12,"column":68}},"15":{"start":{"line":12,"column":57},"end":{"line":12,"column":68}},"16":{"start":{"line":12,"column":69},"end":{"line":12,"column":81}},"17":{"start":{"line":13,"column":4},"end":{"line":13,"column":157}},"18":{"start":{"line":13,"column":138},"end":{"line":13,"column":150}},"19":{"start":{"line":14,"column":23},"end":{"line":14,"column":68}},"20":{"start":{"line":14,"column":45},"end":{"line":14,"column":65}},"21":{"start":{"line":16,"column":8},"end":{"line":16,"column":70}},"22":{"start":{"line":16,"column":15},"end":{"line":16,"column":70}},"23":{"start":{"line":17,"column":8},"end":{"line":34,"column":66}},"24":{"start":{"line":17,"column":18},"end":{"line":34,"column":66}},"25":{"start":{"line":18,"column":12},"end":{"line":18,"column":169}},"26":{"start":{"line":18,"column":160},"end":{"line":18,"column":169}},"27":{"start":{"line":19,"column":12},"end":{"line":19,"column":52}},"28":{"start":{"line":19,"column":26},"end":{"line":19,"column":52}},"29":{"start":{"line":20,"column":12},"end":{"line":32,"column":13}},"30":{"start":{"line":21,"column":32},"end":{"line":21,"column":39}},"31":{"start":{"line":21,"column":40},"end":{"line":21,"column":46}},"32":{"start":{"line":22,"column":24},"end":{"line":22,"column":34}},"33":{"start":{"line":22,"column":35},"end":{"line":22,"column":72}},"34":{"start":{"line":23,"column":24},"end":{"line":23,"column":34}},"35":{"start":{"line":23,"column":35},"end":{"line":23,"column":45}},"36":{"start":{"line":23,"column":46},"end":{"line":23,"column":55}},"37":{"start":{"line":23,"column":56},"end":{"line":23,"column":65}},"38":{"start":{"line":24,"column":24},"end":{"line":24,"column":41}},"39":{"start":{"line":24,"column":42},"end":{"line":24,"column":55}},"40":{"start":{"line":24,"column":56},"end":{"line":24,"column":65}},"41":{"start":{"line":26,"column":20},"end":{"line":26,"column":128}},"42":{"start":{"line":26,"column":110},"end":{"line":26,"column":116}},"43":{"start":{"line":26,"column":117},"end":{"line":26,"column":126}},"44":{"start":{"line":27,"column":20},"end":{"line":27,"column":106}},"45":{"start":{"line":27,"column":81},"end":{"line":27,"column":97}},"46":{"start":{"line":27,"column":98},"end":{"line":27,"column":104}},"47":{"start":{"line":28,"column":20},"end":{"line":28,"column":89}},"48":{"start":{"line":28,"column":57},"end":{"line":28,"column":72}},"49":{"start":{"line":28,"column":73},"end":{"line":28,"column":80}},"50":{"start":{"line":28,"column":81},"end":{"line":28,"column":87}},"51":{"start":{"line":29,"column":20},"end":{"line":29,"column":87}},"52":{"start":{"line":29,"column":47},"end":{"line":29,"column":62}},"53":{"start":{"line":29,"column":63},"end":{"line":29,"column":78}},"54":{"start":{"line":29,"column":79},"end":{"line":29,"column":85}},"55":{"start":{"line":30,"column":20},"end":{"line":30,"column":42}},"56":{"start":{"line":30,"column":30},"end":{"line":30,"column":42}},"57":{"start":{"line":31,"column":20},"end":{"line":31,"column":33}},"58":{"start":{"line":31,"column":34},"end":{"line":31,"column":43}},"59":{"start":{"line":33,"column":12},"end":{"line":33,"column":39}},"60":{"start":{"line":34,"column":22},"end":{"line":34,"column":34}},"61":{"start":{"line":34,"column":35},"end":{"line":34,"column":41}},"62":{"start":{"line":34,"column":54},"end":{"line":34,"column":64}},"63":{"start":{"line":35,"column":8},"end":{"line":35,"column":35}},"64":{"start":{"line":35,"column":23},"end":{"line":35,"column":35}},"65":{"start":{"line":35,"column":36},"end":{"line":35,"column":89}},"66":{"start":{"line":38,"column":22},"end":{"line":40,"column":1}},"67":{"start":{"line":39,"column":4},"end":{"line":39,"column":62}},"68":{"start":{"line":41,"column":0},"end":{"line":41,"column":62}},"69":{"start":{"line":42,"column":12},"end":{"line":42,"column":43}},"70":{"start":{"line":43,"column":21},"end":{"line":43,"column":61}},"71":{"start":{"line":44,"column":13},"end":{"line":44,"column":40}},"72":{"start":{"line":45,"column":27},"end":{"line":45,"column":68}},"73":{"start":{"line":46,"column":18},"end":{"line":46,"column":50}},"74":{"start":{"line":47,"column":16},"end":{"line":53,"column":16}},"75":{"start":{"line":47,"column":30},"end":{"line":53,"column":14}},"76":{"start":{"line":54,"column":0},"end":{"line":78,"column":9}},"77":{"start":{"line":54,"column":54},"end":{"line":78,"column":6}},"78":{"start":{"line":54,"column":82},"end":{"line":78,"column":3}},"79":{"start":{"line":56,"column":4},"end":{"line":77,"column":7}},"80":{"start":{"line":57,"column":8},"end":{"line":57,"column":130}},"81":{"start":{"line":58,"column":8},"end":{"line":58,"column":64}},"82":{"start":{"line":59,"column":8},"end":{"line":65,"column":10}},"83":{"start":{"line":61,"column":76},"end":{"line":64,"column":15}},"84":{"start":{"line":66,"column":8},"end":{"line":76,"column":16}}},"fnMap":{"0":{"name":"(anonymous_0)","decl":{"start":{"line":2,"column":44},"end":{"line":2,"column":45}},"loc":{"start":{"line":2,"column":89},"end":{"line":10,"column":1}},"line":2},"1":{"name":"adopt","decl":{"start":{"line":3,"column":13},"end":{"line":3,"column":18}},"loc":{"start":{"line":3,"column":26},"end":{"line":3,"column":112}},"line":3},"2":{"name":"(anonymous_2)","decl":{"start":{"line":3,"column":70},"end":{"line":3,"column":71}},"loc":{"start":{"line":3,"column":89},"end":{"line":3,"column":108}},"line":3},"3":{"name":"(anonymous_3)","decl":{"start":{"line":4,"column":36},"end":{"line":4,"column":37}},"loc":{"start":{"line":4,"column":63},"end":{"line":9,"column":5}},"line":4},"4":{"name":"fulfilled","decl":{"start":{"line":5,"column":17},"end":{"line":5,"column":26}},"loc":{"start":{"line":5,"column":34},"end":{"line":5,"column":99}},"line":5},"5":{"name":"rejected","decl":{"start":{"line":6,"column":17},"end":{"line":6,"column":25}},"loc":{"start":{"line":6,"column":33},"end":{"line":6,"column":102}},"line":6},"6":{"name":"step","decl":{"start":{"line":7,"column":17},"end":{"line":7,"column":21}},"loc":{"start":{"line":7,"column":30},"end":{"line":7,"column":118}},"line":7},"7":{"name":"(anonymous_7)","decl":{"start":{"line":11,"column":48},"end":{"line":11,"column":49}},"loc":{"start":{"line":11,"column":73},"end":{"line":37,"column":1}},"line":11},"8":{"name":"(anonymous_8)","decl":{"start":{"line":12,"column":30},"end":{"line":12,"column":31}},"loc":{"start":{"line":12,"column":41},"end":{"line":12,"column":83}},"line":12},"9":{"name":"(anonymous_9)","decl":{"start":{"line":13,"column":125},"end":{"line":13,"column":126}},"loc":{"start":{"line":13,"column":136},"end":{"line":13,"column":152}},"line":13},"10":{"name":"verb","decl":{"start":{"line":14,"column":13},"end":{"line":14,"column":17}},"loc":{"start":{"line":14,"column":21},"end":{"line":14,"column":70}},"line":14},"11":{"name":"(anonymous_11)","decl":{"start":{"line":14,"column":30},"end":{"line":14,"column":31}},"loc":{"start":{"line":14,"column":43},"end":{"line":14,"column":67}},"line":14},"12":{"name":"step","decl":{"start":{"line":15,"column":13},"end":{"line":15,"column":17}},"loc":{"start":{"line":15,"column":22},"end":{"line":36,"column":5}},"line":15},"13":{"name":"(anonymous_13)","decl":{"start":{"line":38,"column":56},"end":{"line":38,"column":57}},"loc":{"start":{"line":38,"column":71},"end":{"line":40,"column":1}},"line":38},"14":{"name":"(anonymous_14)","decl":{"start":{"line":47,"column":16},"end":{"line":47,"column":17}},"loc":{"start":{"line":47,"column":28},"end":{"line":53,"column":16}},"line":47},"15":{"name":"(anonymous_15)","decl":{"start":{"line":54,"column":29},"end":{"line":54,"column":30}},"loc":{"start":{"line":54,"column":52},"end":{"line":78,"column":8}},"line":54},"16":{"name":"(anonymous_16)","decl":{"start":{"line":54,"column":61},"end":{"line":54,"column":62}},"loc":{"start":{"line":54,"column":80},"end":{"line":78,"column":5}},"line":54},"17":{"name":"(anonymous_17)","decl":{"start":{"line":54,"column":123},"end":{"line":54,"column":124}},"loc":{"start":{"line":54,"column":135},"end":{"line":78,"column":1}},"line":54},"18":{"name":"(anonymous_18)","decl":{"start":{"line":56,"column":29},"end":{"line":56,"column":30}},"loc":{"start":{"line":56,"column":43},"end":{"line":77,"column":5}},"line":56},"19":{"name":"(anonymous_19)","decl":{"start":{"line":61,"column":61},"end":{"line":61,"column":62}},"loc":{"start":{"line":61,"column":74},"end":{"line":64,"column":17}},"line":61}},"branchMap":{"0":{"loc":{"start":{"line":2,"column":16},"end":{"line":10,"column":1}},"type":"binary-expr","locations":[{"start":{"line":2,"column":17},"end":{"line":2,"column":21}},{"start":{"line":2,"column":25},"end":{"line":2,"column":39}},{"start":{"line":2,"column":44},"end":{"line":10,"column":1}}],"line":2},"1":{"loc":{"start":{"line":3,"column":35},"end":{"line":3,"column":109}},"type":"cond-expr","locations":[{"start":{"line":3,"column":56},"end":{"line":3,"column":61}},{"start":{"line":3,"column":64},"end":{"line":3,"column":109}}],"line":3},"2":{"loc":{"start":{"line":4,"column":16},"end":{"line":4,"column":34}},"type":"binary-expr","locations":[{"start":{"line":4,"column":16},"end":{"line":4,"column":17}},{"start":{"line":4,"column":22},"end":{"line":4,"column":33}}],"line":4},"3":{"loc":{"start":{"line":7,"column":32},"end":{"line":7,"column":115}},"type":"cond-expr","locations":[{"start":{"line":7,"column":46},"end":{"line":7,"column":67}},{"start":{"line":7,"column":70},"end":{"line":7,"column":115}}],"line":7},"4":{"loc":{"start":{"line":8,"column":51},"end":{"line":8,"column":67}},"type":"binary-expr","locations":[{"start":{"line":8,"column":51},"end":{"line":8,"column":61}},{"start":{"line":8,"column":65},"end":{"line":8,"column":67}}],"line":8},"5":{"loc":{"start":{"line":11,"column":18},"end":{"line":37,"column":1}},"type":"binary-expr","locations":[{"start":{"line":11,"column":19},"end":{"line":11,"column":23}},{"start":{"line":11,"column":27},"end":{"line":11,"column":43}},{"start":{"line":11,"column":48},"end":{"line":37,"column":1}}],"line":11},"6":{"loc":{"start":{"line":12,"column":43},"end":{"line":12,"column":68}},"type":"if","locations":[{"start":{"line":12,"column":43},"end":{"line":12,"column":68}},{"start":{"line":12,"column":43},"end":{"line":12,"column":68}}],"line":12},"7":{"loc":{"start":{"line":13,"column":71},"end":{"line":13,"column":153}},"type":"binary-expr","locations":[{"start":{"line":13,"column":71},"end":{"line":13,"column":99}},{"start":{"line":13,"column":104},"end":{"line":13,"column":152}}],"line":13},"8":{"loc":{"start":{"line":16,"column":8},"end":{"line":16,"column":70}},"type":"if","locations":[{"start":{"line":16,"column":8},"end":{"line":16,"column":70}},{"start":{"line":16,"column":8},"end":{"line":16,"column":70}}],"line":16},"9":{"loc":{"start":{"line":18,"column":12},"end":{"line":18,"column":169}},"type":"if","locations":[{"start":{"line":18,"column":12},"end":{"line":18,"column":169}},{"start":{"line":18,"column":12},"end":{"line":18,"column":169}}],"line":18},"10":{"loc":{"start":{"line":18,"column":23},"end":{"line":18,"column":158}},"type":"binary-expr","locations":[{"start":{"line":18,"column":23},"end":{"line":18,"column":24}},{"start":{"line":18,"column":29},"end":{"line":18,"column":125}},{"start":{"line":18,"column":130},"end":{"line":18,"column":158}}],"line":18},"11":{"loc":{"start":{"line":18,"column":33},"end":{"line":18,"column":125}},"type":"cond-expr","locations":[{"start":{"line":18,"column":45},"end":{"line":18,"column":56}},{"start":{"line":18,"column":59},"end":{"line":18,"column":125}}],"line":18},"12":{"loc":{"start":{"line":18,"column":59},"end":{"line":18,"column":125}},"type":"cond-expr","locations":[{"start":{"line":18,"column":67},"end":{"line":18,"column":116}},{"start":{"line":18,"column":119},"end":{"line":18,"column":125}}],"line":18},"13":{"loc":{"start":{"line":18,"column":67},"end":{"line":18,"column":116}},"type":"binary-expr","locations":[{"start":{"line":18,"column":67},"end":{"line":18,"column":77}},{"start":{"line":18,"column":82},"end":{"line":18,"column":115}}],"line":18},"14":{"loc":{"start":{"line":18,"column":82},"end":{"line":18,"column":112}},"type":"binary-expr","locations":[{"start":{"line":18,"column":83},"end":{"line":18,"column":98}},{"start":{"line":18,"column":103},"end":{"line":18,"column":112}}],"line":18},"15":{"loc":{"start":{"line":19,"column":12},"end":{"line":19,"column":52}},"type":"if","locations":[{"start":{"line":19,"column":12},"end":{"line":19,"column":52}},{"start":{"line":19,"column":12},"end":{"line":19,"column":52}}],"line":19},"16":{"loc":{"start":{"line":20,"column":12},"end":{"line":32,"column":13}},"type":"switch","locations":[{"start":{"line":21,"column":16},"end":{"line":21,"column":23}},{"start":{"line":21,"column":24},"end":{"line":21,"column":46}},{"start":{"line":22,"column":16},"end":{"line":22,"column":72}},{"start":{"line":23,"column":16},"end":{"line":23,"column":65}},{"start":{"line":24,"column":16},"end":{"line":24,"column":65}},{"start":{"line":25,"column":16},"end":{"line":31,"column":43}}],"line":20},"17":{"loc":{"start":{"line":26,"column":20},"end":{"line":26,"column":128}},"type":"if","locations":[{"start":{"line":26,"column":20},"end":{"line":26,"column":128}},{"start":{"line":26,"column":20},"end":{"line":26,"column":128}}],"line":26},"18":{"loc":{"start":{"line":26,"column":24},"end":{"line":26,"column":106}},"type":"binary-expr","locations":[{"start":{"line":26,"column":24},"end":{"line":26,"column":74}},{"start":{"line":26,"column":79},"end":{"line":26,"column":90}},{"start":{"line":26,"column":94},"end":{"line":26,"column":105}}],"line":26},"19":{"loc":{"start":{"line":26,"column":42},"end":{"line":26,"column":73}},"type":"binary-expr","locations":[{"start":{"line":26,"column":42},"end":{"line":26,"column":54}},{"start":{"line":26,"column":58},"end":{"line":26,"column":73}}],"line":26},"20":{"loc":{"start":{"line":27,"column":20},"end":{"line":27,"column":106}},"type":"if","locations":[{"start":{"line":27,"column":20},"end":{"line":27,"column":106}},{"start":{"line":27,"column":20},"end":{"line":27,"column":106}}],"line":27},"21":{"loc":{"start":{"line":27,"column":24},"end":{"line":27,"column":77}},"type":"binary-expr","locations":[{"start":{"line":27,"column":24},"end":{"line":27,"column":35}},{"start":{"line":27,"column":40},"end":{"line":27,"column":42}},{"start":{"line":27,"column":47},"end":{"line":27,"column":59}},{"start":{"line":27,"column":63},"end":{"line":27,"column":75}}],"line":27},"22":{"loc":{"start":{"line":28,"column":20},"end":{"line":28,"column":89}},"type":"if","locations":[{"start":{"line":28,"column":20},"end":{"line":28,"column":89}},{"start":{"line":28,"column":20},"end":{"line":28,"column":89}}],"line":28},"23":{"loc":{"start":{"line":28,"column":24},"end":{"line":28,"column":53}},"type":"binary-expr","locations":[{"start":{"line":28,"column":24},"end":{"line":28,"column":35}},{"start":{"line":28,"column":39},"end":{"line":28,"column":53}}],"line":28},"24":{"loc":{"start":{"line":29,"column":20},"end":{"line":29,"column":87}},"type":"if","locations":[{"start":{"line":29,"column":20},"end":{"line":29,"column":87}},{"start":{"line":29,"column":20},"end":{"line":29,"column":87}}],"line":29},"25":{"loc":{"start":{"line":29,"column":24},"end":{"line":29,"column":43}},"type":"binary-expr","locations":[{"start":{"line":29,"column":24},"end":{"line":29,"column":25}},{"start":{"line":29,"column":29},"end":{"line":29,"column":43}}],"line":29},"26":{"loc":{"start":{"line":30,"column":20},"end":{"line":30,"column":42}},"type":"if","locations":[{"start":{"line":30,"column":20},"end":{"line":30,"column":42}},{"start":{"line":30,"column":20},"end":{"line":30,"column":42}}],"line":30},"27":{"loc":{"start":{"line":35,"column":8},"end":{"line":35,"column":35}},"type":"if","locations":[{"start":{"line":35,"column":8},"end":{"line":35,"column":35}},{"start":{"line":35,"column":8},"end":{"line":35,"column":35}}],"line":35},"28":{"loc":{"start":{"line":35,"column":52},"end":{"line":35,"column":74}},"type":"cond-expr","locations":[{"start":{"line":35,"column":60},"end":{"line":35,"column":65}},{"start":{"line":35,"column":68},"end":{"line":35,"column":74}}],"line":35},"29":{"loc":{"start":{"line":38,"column":22},"end":{"line":40,"column":1}},"type":"binary-expr","locations":[{"start":{"line":38,"column":23},"end":{"line":38,"column":27}},{"start":{"line":38,"column":31},"end":{"line":38,"column":51}},{"start":{"line":38,"column":56},"end":{"line":40,"column":1}}],"line":38},"30":{"loc":{"start":{"line":39,"column":11},"end":{"line":39,"column":61}},"type":"cond-expr","locations":[{"start":{"line":39,"column":37},"end":{"line":39,"column":40}},{"start":{"line":39,"column":43},"end":{"line":39,"column":61}}],"line":39},"31":{"loc":{"start":{"line":39,"column":12},"end":{"line":39,"column":33}},"type":"binary-expr","locations":[{"start":{"line":39,"column":12},"end":{"line":39,"column":15}},{"start":{"line":39,"column":19},"end":{"line":39,"column":33}}],"line":39}},"s":{"0":1,"1":0,"2":0,"3":5,"4":0,"5":0,"6":0,"7":0,"8":0,"9":0,"10":2,"11":5,"12":1,"13":5,"14":0,"15":0,"16":0,"17":5,"18":0,"19":15,"20":5,"21":5,"22":0,"23":5,"24":10,"25":10,"26":0,"27":10,"28":0,"29":10,"30":5,"31":5,"32":0,"33":0,"34":0,"35":0,"36":0,"37":0,"38":0,"39":0,"40":0,"41":5,"42":5,"43":5,"44":0,"45":0,"46":0,"47":0,"48":0,"49":0,"50":0,"51":0,"52":0,"53":0,"54":0,"55":0,"56":0,"57":0,"58":0,"59":5,"60":3,"61":3,"62":10,"63":5,"64":3,"65":2,"66":1,"67":2,"68":1,"69":1,"70":1,"71":1,"72":1,"73":1,"74":1,"75":5,"76":1,"77":1,"78":5,"79":5,"80":5,"81":5,"82":2,"83":3,"84":2},"f":{"0":5,"1":0,"2":0,"3":5,"4":0,"5":0,"6":2,"7":5,"8":0,"9":0,"10":15,"11":5,"12":5,"13":2,"14":5,"15":1,"16":5,"17":5,"18":5,"19":3},"b":{"0":[1,1,1],"1":[0,0],"2":[5,5],"3":[2,0],"4":[5,5],"5":[1,1,1],"6":[0,0],"7":[5,5],"8":[0,5],"9":[0,10],"10":[10,0,0],"11":[0,0],"12":[0,0],"13":[0,0],"14":[0,0],"15":[0,10],"16":[5,5,0,0,0,5],"17":[5,0],"18":[5,5,2],"19":[5,0],"20":[0,0],"21":[0,0,0,0],"22":[0,0],"23":[0,0],"24":[0,0],"25":[0,0],"26":[0,0],"27":[3,2],"28":[2,0],"29":[1,1,1],"30":[0,2],"31":[2,2]},"inputSourceMap":{"version":3,"file":"/home/t-kimathi/tkimathi/Workspace-AT/sdk/africastalking-node.js/src/products/airtime/sendAirtimeRequest.ts","sources":["/home/t-kimathi/tkimathi/Workspace-AT/sdk/africastalking-node.js/src/products/airtime/sendAirtimeRequest.ts"],"names":[],"mappings":";;;;;;;;;;;;;;;;;;;;;;;;;;;;;;;;;;;;;;;;;AAAA,4CAAsB;AACtB,8DAAuC;AAIvC,yCAAkE;AAElE,qEAAoE;AACpE,mDAAoD;AAEpD,IAAM,SAAS,GAAG,cAAM,OAAA,aAAG,CAAC,MAAM,CAAC;IACjC,UAAU,EAAE,aAAG,CAAC,KAAK,EAAE,CAAC,KAAK,CAC3B,aAAG,CAAC,MAAM,CAAC;QACT,WAAW,EAAE,aAAG,CAAC,MAAM,EAAE,CAAC,KAAK,CAAC,uBAAW,CAAC,WAAW,EAAE,cAAc,CAAC,CAAC,QAAQ,EAAE;QACnF,YAAY,EAAE,aAAG,CAAC,MAAM,EAAE,CAAC,KAAK,CAAC,KAAK,EAAE,KAAK,EAAE,KAAK,EAAE,KAAK,CAAC,CAAC,QAAQ,EAAE;QACvE,MAAM,EAAE,aAAG,CAAC,MAAM,EAAE,CAAC,QAAQ,EAAE;KAChC,CAAC,CAAC,QAAQ,EAAE,CACd,CAAC,GAAG,CAAC,CAAC,CAAC,CAAC,QAAQ,EAAE;CACpB,CAAC,CAAC,QAAQ,EAAE,EARW,CAQX,CAAC;AAED,QAAA,kBAAkB,GAAG,UAChC,WAAwB,IACD,OAAA,UAAO,OAAO;;;QAC/B,KAA+B,uCAAkB,CAAC,WAAW,CAAC,EAA5D,MAAM,YAAA,EAAE,QAAQ,cAAA,EAAE,MAAM,YAAA,CAAqC;QAC/D,MAAM,GAAG,wBAAiB,CAAqB,SAAS,EAAE,EAAE,OAAO,CAAC,CAAC;QAErE,IAAI,GAAwB;YAChC,QAAQ,UAAA;YACR,UAAU,EAAE,IAAI,CAAC,SAAS,CAAC,MAAM,CAAC,UAAU,CAAC,GAAG,CAAC,UAAC,CAAC,IAAK,OAAA,CAAC;gBACvD,WAAW,EAAE,CAAC,CAAC,WAAW;gBAC1B,MAAM,EAAK,CAAC,CAAC,YAAY,SAAI,CAAC,CAAC,MAAQ;aACxC,CAAC,EAHsD,CAGtD,CAAC,CAAQ;SACZ,CAAC;QAEF,WAAO,kBAAW,CAA8B;gBAC9C,gBAAgB,EAAE,SAAS;gBAC3B,QAAQ,UAAA;gBACR,MAAM,EAAE,MAAM;gBACd,IAAI,EAAE,sBAAW,CAAC,SAAS,CAAC,IAAI,CAAC;gBACjC,OAAO,EAAE;oBACP,MAAM,QAAA;oBACN,MAAM,EAAE,MAAM;oBACd,cAAc,EAAE,mCAAmC;iBACpD;aACF,CAAC,EAAC;;KACJ,EAvBwB,CAuBxB,CAAC","sourcesContent":["import joi from 'joi';\nimport queryString from 'query-string';\nimport {\n  SendAirtimeOptions, SendAirtimePostData, SendAirtimeResponse, SendAirtimeRequest,\n} from './sendAirtimeRequest.types';\nimport { validateJoiSchema, sendRequest } from '../../utils/misc';\nimport { Credentials } from '../../utils/getFullCredentials.types';\nimport { getFullCredentials } from '../../utils/getFullCredentials';\nimport { customRegex } from '../../utils/constants';\n\nconst getSchema = () => joi.object({\n  recipients: joi.array().items(\n    joi.object({\n      phoneNumber: joi.string().regex(customRegex.phoneNumber, 'phone number').required(),\n      currencyCode: joi.string().valid('KES', 'UGX', 'TZS', 'NGN').required(),\n      amount: joi.number().required(),\n    }).required(),\n  ).min(1).required(),\n}).required();\n\nexport const sendAirtimeRequest = (\n  credentials: Credentials,\n): SendAirtimeRequest => async (options) => {\n  const { apiKey, username, format } = getFullCredentials(credentials);\n  const result = validateJoiSchema<SendAirtimeOptions>(getSchema(), options);\n\n  const data: SendAirtimePostData = {\n    username,\n    recipients: JSON.stringify(result.recipients.map((r) => ({\n      phoneNumber: r.phoneNumber,\n      amount: `${r.currencyCode} ${r.amount}`,\n    }))) as any,\n  };\n\n  return sendRequest<SendAirtimeResponse, string>({\n    endpointCategory: 'AIRTIME',\n    username,\n    method: 'POST',\n    data: queryString.stringify(data),\n    headers: {\n      apiKey,\n      accept: format,\n      'Content-Type': 'application/x-www-form-urlencoded',\n    },\n  });\n};\n"]},"_coverageSchema":"1a1c01bbd47fc00a2c39e90264f33305004495a9","hash":"aa81fbac47603e27b9099b43c1563c2be8c00129","contentHash":"acb1f05c0e8b02c981e4bd67bb35f68c2b26b7796d25147818c8649bde90640c"},"/home/t-kimathi/tkimathi/Workspace-AT/sdk/africastalking-node.js/src/utils/getFullCredentials.ts":{"path":"/home/t-kimathi/tkimathi/Workspace-AT/sdk/africastalking-node.js/src/utils/getFullCredentials.ts","statementMap":{"0":{"start":{"line":2,"column":15},"end":{"line":12,"column":1}},"1":{"start":{"line":3,"column":4},"end":{"line":10,"column":6}},"2":{"start":{"line":4,"column":8},"end":{"line":8,"column":9}},"3":{"start":{"line":4,"column":24},"end":{"line":4,"column":25}},"4":{"start":{"line":4,"column":31},"end":{"line":4,"column":47}},"5":{"start":{"line":5,"column":12},"end":{"line":5,"column":29}},"6":{"start":{"line":6,"column":12},"end":{"line":7,"column":28}},"7":{"start":{"line":6,"column":29},"end":{"line":7,"column":28}},"8":{"start":{"line":7,"column":16},"end":{"line":7,"column":28}},"9":{"start":{"line":9,"column":8},"end":{"line":9,"column":17}},"10":{"start":{"line":11,"column":4},"end":{"line":11,"column":43}},"11":{"start":{"line":13,"column":22},"end":{"line":15,"column":1}},"12":{"start":{"line":14,"column":4},"end":{"line":14,"column":62}},"13":{"start":{"line":16,"column":0},"end":{"line":16,"column":62}},"14":{"start":{"line":17,"column":12},"end":{"line":17,"column":43}},"15":{"start":{"line":18,"column":13},"end":{"line":18,"column":30}},"16":{"start":{"line":19,"column":16},"end":{"line":23,"column":16}},"17":{"start":{"line":19,"column":30},"end":{"line":23,"column":14}},"18":{"start":{"line":24,"column":0},"end":{"line":28,"column":2}},"19":{"start":{"line":26,"column":16},"end":{"line":26,"column":66}},"20":{"start":{"line":27,"column":4},"end":{"line":27,"column":167}}},"fnMap":{"0":{"name":"(anonymous_0)","decl":{"start":{"line":2,"column":42},"end":{"line":2,"column":43}},"loc":{"start":{"line":2,"column":54},"end":{"line":12,"column":1}},"line":2},"1":{"name":"(anonymous_1)","decl":{"start":{"line":3,"column":32},"end":{"line":3,"column":33}},"loc":{"start":{"line":3,"column":44},"end":{"line":10,"column":5}},"line":3},"2":{"name":"(anonymous_2)","decl":{"start":{"line":13,"column":56},"end":{"line":13,"column":57}},"loc":{"start":{"line":13,"column":71},"end":{"line":15,"column":1}},"line":13},"3":{"name":"(anonymous_3)","decl":{"start":{"line":19,"column":16},"end":{"line":19,"column":17}},"loc":{"start":{"line":19,"column":28},"end":{"line":23,"column":16}},"line":19},"4":{"name":"(anonymous_4)","decl":{"start":{"line":24,"column":29},"end":{"line":24,"column":30}},"loc":{"start":{"line":24,"column":52},"end":{"line":28,"column":1}},"line":24}},"branchMap":{"0":{"loc":{"start":{"line":2,"column":15},"end":{"line":12,"column":1}},"type":"binary-expr","locations":[{"start":{"line":2,"column":16},"end":{"line":2,"column":20}},{"start":{"line":2,"column":24},"end":{"line":2,"column":37}},{"start":{"line":2,"column":42},"end":{"line":12,"column":1}}],"line":2},"1":{"loc":{"start":{"line":3,"column":15},"end":{"line":10,"column":5}},"type":"binary-expr","locations":[{"start":{"line":3,"column":15},"end":{"line":3,"column":28}},{"start":{"line":3,"column":32},"end":{"line":10,"column":5}}],"line":3},"2":{"loc":{"start":{"line":6,"column":29},"end":{"line":7,"column":28}},"type":"if","locations":[{"start":{"line":6,"column":29},"end":{"line":7,"column":28}},{"start":{"line":6,"column":29},"end":{"line":7,"column":28}}],"line":6},"3":{"loc":{"start":{"line":13,"column":22},"end":{"line":15,"column":1}},"type":"binary-expr","locations":[{"start":{"line":13,"column":23},"end":{"line":13,"column":27}},{"start":{"line":13,"column":31},"end":{"line":13,"column":51}},{"start":{"line":13,"column":56},"end":{"line":15,"column":1}}],"line":13},"4":{"loc":{"start":{"line":14,"column":11},"end":{"line":14,"column":61}},"type":"cond-expr","locations":[{"start":{"line":14,"column":37},"end":{"line":14,"column":40}},{"start":{"line":14,"column":43},"end":{"line":14,"column":61}}],"line":14},"5":{"loc":{"start":{"line":14,"column":12},"end":{"line":14,"column":33}},"type":"binary-expr","locations":[{"start":{"line":14,"column":12},"end":{"line":14,"column":15}},{"start":{"line":14,"column":19},"end":{"line":14,"column":33}}],"line":14},"6":{"loc":{"start":{"line":27,"column":51},"end":{"line":27,"column":163}},"type":"cond-expr","locations":[{"start":{"line":27,"column":125},"end":{"line":27,"column":142}},{"start":{"line":27,"column":145},"end":{"line":27,"column":163}}],"line":27},"7":{"loc":{"start":{"line":27,"column":52},"end":{"line":27,"column":111}},"type":"cond-expr","locations":[{"start":{"line":27,"column":93},"end":{"line":27,"column":99}},{"start":{"line":27,"column":102},"end":{"line":27,"column":111}}],"line":27},"8":{"loc":{"start":{"line":27,"column":52},"end":{"line":27,"column":90}},"type":"binary-expr","locations":[{"start":{"line":27,"column":52},"end":{"line":27,"column":73}},{"start":{"line":27,"column":77},"end":{"line":27,"column":90}}],"line":27}},"s":{"0":1,"1":2,"2":0,"3":0,"4":0,"5":0,"6":0,"7":0,"8":0,"9":0,"10":2,"11":1,"12":1,"13":1,"14":1,"15":1,"16":1,"17":70,"18":1,"19":70,"20":70},"f":{"0":2,"1":0,"2":1,"3":70,"4":70},"b":{"0":[1,1,1],"1":[2,0],"2":[0,0],"3":[1,1,1],"4":[0,1],"5":[1,1],"6":[0,70],"7":[0,70],"8":[70,70]},"inputSourceMap":{"version":3,"file":"/home/t-kimathi/tkimathi/Workspace-AT/sdk/africastalking-node.js/src/utils/getFullCredentials.ts","sources":["/home/t-kimathi/tkimathi/Workspace-AT/sdk/africastalking-node.js/src/utils/getFullCredentials.ts"],"names":[],"mappings":";;;;;;;;;;;;;;;;AAAA,4CAAsB;AAEtB,+BAA2C;AAE3C,IAAM,SAAS,GAAG,cAAM,OAAA,aAAG,CAAC,MAAM,CAAC;IACjC,MAAM,EAAE,aAAG,CAAC,MAAM,EAAE,CAAC,QAAQ,EAAE;IAC/B,QAAQ,EAAE,aAAG,CAAC,MAAM,EAAE,CAAC,QAAQ,EAAE;IACjC,MAAM,EAAE,aAAG,CAAC,MAAM,EAAE,CAAC,KAAK,CAAC,MAAM,EAAE,KAAK,CAAC;CAC1C,CAAC,CAAC,QAAQ,EAAE,EAJW,CAIX,CAAC;AAED,QAAA,kBAAkB,GAAG,UAAC,WAAwB;;IACzD,IAAM,KAAK,GAAG,wBAAiB,CAAc,SAAS,EAAE,EAAE,WAAW,CAAC,CAAC;IAEvE,6BACK,KAAK,KACR,MAAM,EAAE,OAAA,KAAK,0CAAE,MAAM,MAAK,KAAK,CAAC,CAAC,CAAC,iBAAiB,CAAC,CAAC,CAAC,kBAAkB,IACxE;AACJ,CAAC,CAAC","sourcesContent":["import joi from 'joi';\nimport { Credentials, FullCredentials } from './getFullCredentials.types';\nimport { validateJoiSchema } from './misc';\n\nconst getSchema = () => joi.object({\n  apiKey: joi.string().required(),\n  username: joi.string().required(),\n  format: joi.string().valid('json', 'xml'),\n}).required();\n\nexport const getFullCredentials = (credentials: Credentials): FullCredentials => {\n  const value = validateJoiSchema<Credentials>(getSchema(), credentials);\n\n  return {\n    ...value,\n    format: value?.format === 'xml' ? 'application/xml' : 'application/json',\n  };\n};\n"]},"_coverageSchema":"1a1c01bbd47fc00a2c39e90264f33305004495a9","hash":"4b764139ddf0c60921f818654012f07f95225186","contentHash":"9247eab7bdeb29e87ab7c2dfe7c1caf4c9b023bb8ba3311d700f6c0c6801a854"},"/home/t-kimathi/tkimathi/Workspace-AT/sdk/africastalking-node.js/src/utils/constants.ts":{"path":"/home/t-kimathi/tkimathi/Workspace-AT/sdk/africastalking-node.js/src/utils/constants.ts","statementMap":{"0":{"start":{"line":2,"column":0},"end":{"line":2,"column":62}},"1":{"start":{"line":3,"column":0},"end":{"line":6,"column":2}},"2":{"start":{"line":7,"column":0},"end":{"line":49,"column":2}}},"fnMap":{},"branchMap":{},"s":{"0":1,"1":1,"2":1},"f":{},"b":{},"inputSourceMap":{"version":3,"file":"/home/t-kimathi/tkimathi/Workspace-AT/sdk/africastalking-node.js/src/utils/constants.ts","sources":["/home/t-kimathi/tkimathi/Workspace-AT/sdk/africastalking-node.js/src/utils/constants.ts"],"names":[],"mappings":";;AAEa,QAAA,WAAW,GAAG;IACzB,WAAW,EAAE,mBAAmB;IAChC,OAAO,EAAE,IAAI;CACd,CAAC;AAEW,QAAA,SAAS,GAAc;IAClC,MAAM,EAAE;QACN,MAAM,EAAE,eAAe;QACvB,kBAAkB,EAAE,uCAAuC;QAC3D,QAAQ,EAAE,iBAAiB;QAC3B,oBAAoB,EAAE,yCAAyC;QAC/D,SAAS,EAAE,kBAAkB;KAC9B;IACD,QAAQ,EAAE;QACR,MAAM,EAAE,QAAQ;QAChB,KAAK,EAAE,OAAO;KACf;IACD,aAAa,EAAE;QACb,SAAS,EAAE,kBAAkB;QAC7B,OAAO,EAAE,iBAAiB;QAC1B,cAAc,EAAE,yBAAyB;QACzC,YAAY,EAAE,4BAA4B;KAC3C;IACD,IAAI,EAAE;QACJ,OAAO,EAAE,MAAM;QACf,SAAS,EAAE,MAAM;QACjB,SAAS,EAAE,MAAM;QACjB,SAAS,EAAE,MAAM;QACjB,UAAU,EAAE,MAAM;QAClB,UAAU,EAAE,MAAM;QAClB,WAAW,EAAE,MAAM;QACnB,QAAQ,EAAE,MAAM;QAChB,UAAU,EAAE,MAAM;QAClB,WAAW,EAAE,MAAM;QACnB,UAAU,EAAE,MAAM;QAClB,WAAW,EAAE,MAAM;QACnB,aAAa,EAAE,MAAM;QACrB,WAAW,EAAE,MAAM;QACnB,WAAW,EAAE,MAAM;QACnB,WAAW,EAAE,MAAM;QACnB,OAAO,EAAE,MAAM;QACf,YAAY,EAAE,MAAM;QACpB,QAAQ,EAAE,MAAM;QAChB,MAAM,EAAE,MAAM;QACd,OAAO,EAAE,MAAM;QACf,QAAQ,EAAE,MAAM;KACjB;CACF,CAAC","sourcesContent":["import { Constants } from './constants.types';\n\nexport const customRegex = {\n  phoneNumber: /^\\+\\d{1,3}\\d{3,}$/,\n  noSpace: /\\S/,\n};\n\nexport const CONSTANTS: Constants = {\n  REASON: {\n    SALARY: 'SalaryPayment',\n    SALARY_WITH_CHARGE: 'SalaryPaymentWithWithdrawalChargePaid',\n    BUSINESS: 'BusinessPayment',\n    BUSINESS_WITH_CHARGE: 'BusinessPaymentWithWithdrawalChargePaid',\n    PROMOTION: 'PromotionPayment',\n  },\n  PROVIDER: {\n    ATHENA: 'Athena',\n    MPESA: 'Mpesa',\n  },\n  TRANSFER_TYPE: {\n    BUY_GOODS: 'BusinessBuyGoods',\n    PAYBILL: 'BusinessPayBill',\n    DISBURSE_FUNDS: 'DisburseFundsToBusiness',\n    B2B_TRANSFER: 'BusinessToBusinessTransfer',\n  },\n  BANK: {\n    FCMB_NG: 234001,\n    ZENITH_NG: 234002,\n    ACCESS_NG: 234003,\n    GTBANK_NG: 234004,\n    ECOBANK_NG: 234005,\n    DIAMOND_NG: 234006,\n    PROVIDUS_NG: 234007,\n    UNITY_NG: 234008,\n    STANBIC_NG: 234009,\n    STERLING_NG: 234010,\n    PARKWAY_NG: 234011,\n    AFRIBANK_NG: 234012,\n    ENTREPRISE_NG: 234013,\n    FIDELITY_NG: 234014,\n    HERITAGE_NG: 234015,\n    KEYSTONE_NG: 234016,\n    SKYE_NG: 234017,\n    STANCHART_NG: 234018,\n    UNION_NG: 234019,\n    UBA_NG: 234020,\n    WEMA_NG: 234021,\n    FIRST_NG: 234022,\n  },\n};\n"]},"_coverageSchema":"1a1c01bbd47fc00a2c39e90264f33305004495a9","hash":"e3c8954b0b52cafc2323a55f5c0b912fb8c19ce5","contentHash":"d6fcb3a4e977834c814ffe3ba3656d663a70abac5e7e9bb3cd25386f2838cc0e"},"/home/t-kimathi/tkimathi/Workspace-AT/sdk/africastalking-node.js/src/products/application/index.ts":{"path":"/home/t-kimathi/tkimathi/Workspace-AT/sdk/africastalking-node.js/src/products/application/index.ts","statementMap":{"0":{"start":{"line":2,"column":0},"end":{"line":2,"column":62}},"1":{"start":{"line":3,"column":29},"end":{"line":3,"column":62}},"2":{"start":{"line":4,"column":13},"end":{"line":4,"column":40}},"3":{"start":{"line":5,"column":29},"end":{"line":5,"column":62}},"4":{"start":{"line":6,"column":0},"end":{"line":6,"column":75}},"5":{"start":{"line":7,"column":0},"end":{"line":13,"column":6}},"6":{"start":{"line":7,"column":47},"end":{"line":13,"column":3}},"7":{"start":{"line":10,"column":8},"end":{"line":10,"column":115}},"8":{"start":{"line":11,"column":8},"end":{"line":11,"column":72}}},"fnMap":{"0":{"name":"(anonymous_0)","decl":{"start":{"line":7,"column":22},"end":{"line":7,"column":23}},"loc":{"start":{"line":7,"column":45},"end":{"line":13,"column":5}},"line":7},"1":{"name":"(anonymous_1)","decl":{"start":{"line":9,"column":4},"end":{"line":9,"column":5}},"loc":{"start":{"line":9,"column":23},"end":{"line":12,"column":5}},"line":9}},"branchMap":{},"s":{"0":1,"1":1,"2":1,"3":1,"4":1,"5":1,"6":1,"7":0,"8":0},"f":{"0":1,"1":0},"b":{},"inputSourceMap":{"version":3,"file":"/home/t-kimathi/tkimathi/Workspace-AT/sdk/africastalking-node.js/src/products/application/index.ts","sources":["/home/t-kimathi/tkimathi/Workspace-AT/sdk/africastalking-node.js/src/products/application/index.ts"],"names":[],"mappings":";;AAEA,+DAA8D;AAC9D,yCAA0D;AAM1D,+DAA8D;AAArD,sDAAA,oBAAoB,CAAA;AAGhB,QAAA,WAAW,GAAG,UAAC,WAAwB,IAAkB,OAAA,CAAC;IACrE,oBAAoB,EAAE,2CAAoB,CAAC,WAAW,CAAC;IAEvD,IAAI,YAAY;QACd,6BAAsB,CAAC,4BAA4B,EAAE,oCAAoC,EAAE,OAAO,CAAC,CAAC;QACpG,OAAO,2CAAoB,CAAC,WAAW,CAAC,CAAC;IAC3C,CAAC;CACF,CAAC,EAPoE,CAOpE,CAAC","sourcesContent":["import { Application } from './index.types';\nimport { Credentials } from '../../utils/getFullCredentials.types';\nimport { fetchApplicationData } from './fetchApplicationData';\nimport { showDeprecationWarning } from '../../utils/misc';\n\n// exports 1: types\nexport { FetchApplicationDataResponse } from './fetchApplicationData.types';\n\n// exports 2: pure functions\nexport { fetchApplicationData } from './fetchApplicationData';\n\n// exports 3: instance-based functions\nexport const APPLICATION = (credentials: Credentials): Application => ({\n  fetchApplicationData: fetchApplicationData(credentials),\n\n  get fetchAccount() {\n    showDeprecationWarning('APPLICATION.fetchAccount()', 'APPLICATION.fetchApplicationData()', 'minor');\n    return fetchApplicationData(credentials);\n  },\n});\n"]},"_coverageSchema":"1a1c01bbd47fc00a2c39e90264f33305004495a9","hash":"7a48827f76791089d23dc51ac343074bfa993477","contentHash":"b0641abd8fe081d6d4fa3ca964fb9a963de0ff66aaafbd5722d9b904e3d15fc4"},"/home/t-kimathi/tkimathi/Workspace-AT/sdk/africastalking-node.js/src/products/application/fetchApplicationData.ts":{"path":"/home/t-kimathi/tkimathi/Workspace-AT/sdk/africastalking-node.js/src/products/application/fetchApplicationData.ts","statementMap":{"0":{"start":{"line":2,"column":16},"end":{"line":10,"column":1}},"1":{"start":{"line":3,"column":28},"end":{"line":3,"column":110}},"2":{"start":{"line":3,"column":91},"end":{"line":3,"column":106}},"3":{"start":{"line":4,"column":4},"end":{"line":9,"column":7}},"4":{"start":{"line":5,"column":36},"end":{"line":5,"column":97}},"5":{"start":{"line":5,"column":42},"end":{"line":5,"column":70}},"6":{"start":{"line":5,"column":85},"end":{"line":5,"column":95}},"7":{"start":{"line":6,"column":35},"end":{"line":6,"column":100}},"8":{"start":{"line":6,"column":41},"end":{"line":6,"column":73}},"9":{"start":{"line":6,"column":88},"end":{"line":6,"column":98}},"10":{"start":{"line":7,"column":32},"end":{"line":7,"column":116}},"11":{"start":{"line":8,"column":8},"end":{"line":8,"column":78}},"12":{"start":{"line":11,"column":18},"end":{"line":37,"column":1}},"13":{"start":{"line":12,"column":12},"end":{"line":12,"column":104}},"14":{"start":{"line":12,"column":43},"end":{"line":12,"column":68}},"15":{"start":{"line":12,"column":57},"end":{"line":12,"column":68}},"16":{"start":{"line":12,"column":69},"end":{"line":12,"column":81}},"17":{"start":{"line":13,"column":4},"end":{"line":13,"column":157}},"18":{"start":{"line":13,"column":138},"end":{"line":13,"column":150}},"19":{"start":{"line":14,"column":23},"end":{"line":14,"column":68}},"20":{"start":{"line":14,"column":45},"end":{"line":14,"column":65}},"21":{"start":{"line":16,"column":8},"end":{"line":16,"column":70}},"22":{"start":{"line":16,"column":15},"end":{"line":16,"column":70}},"23":{"start":{"line":17,"column":8},"end":{"line":34,"column":66}},"24":{"start":{"line":17,"column":18},"end":{"line":34,"column":66}},"25":{"start":{"line":18,"column":12},"end":{"line":18,"column":169}},"26":{"start":{"line":18,"column":160},"end":{"line":18,"column":169}},"27":{"start":{"line":19,"column":12},"end":{"line":19,"column":52}},"28":{"start":{"line":19,"column":26},"end":{"line":19,"column":52}},"29":{"start":{"line":20,"column":12},"end":{"line":32,"column":13}},"30":{"start":{"line":21,"column":32},"end":{"line":21,"column":39}},"31":{"start":{"line":21,"column":40},"end":{"line":21,"column":46}},"32":{"start":{"line":22,"column":24},"end":{"line":22,"column":34}},"33":{"start":{"line":22,"column":35},"end":{"line":22,"column":72}},"34":{"start":{"line":23,"column":24},"end":{"line":23,"column":34}},"35":{"start":{"line":23,"column":35},"end":{"line":23,"column":45}},"36":{"start":{"line":23,"column":46},"end":{"line":23,"column":55}},"37":{"start":{"line":23,"column":56},"end":{"line":23,"column":65}},"38":{"start":{"line":24,"column":24},"end":{"line":24,"column":41}},"39":{"start":{"line":24,"column":42},"end":{"line":24,"column":55}},"40":{"start":{"line":24,"column":56},"end":{"line":24,"column":65}},"41":{"start":{"line":26,"column":20},"end":{"line":26,"column":128}},"42":{"start":{"line":26,"column":110},"end":{"line":26,"column":116}},"43":{"start":{"line":26,"column":117},"end":{"line":26,"column":126}},"44":{"start":{"line":27,"column":20},"end":{"line":27,"column":106}},"45":{"start":{"line":27,"column":81},"end":{"line":27,"column":97}},"46":{"start":{"line":27,"column":98},"end":{"line":27,"column":104}},"47":{"start":{"line":28,"column":20},"end":{"line":28,"column":89}},"48":{"start":{"line":28,"column":57},"end":{"line":28,"column":72}},"49":{"start":{"line":28,"column":73},"end":{"line":28,"column":80}},"50":{"start":{"line":28,"column":81},"end":{"line":28,"column":87}},"51":{"start":{"line":29,"column":20},"end":{"line":29,"column":87}},"52":{"start":{"line":29,"column":47},"end":{"line":29,"column":62}},"53":{"start":{"line":29,"column":63},"end":{"line":29,"column":78}},"54":{"start":{"line":29,"column":79},"end":{"line":29,"column":85}},"55":{"start":{"line":30,"column":20},"end":{"line":30,"column":42}},"56":{"start":{"line":30,"column":30},"end":{"line":30,"column":42}},"57":{"start":{"line":31,"column":20},"end":{"line":31,"column":33}},"58":{"start":{"line":31,"column":34},"end":{"line":31,"column":43}},"59":{"start":{"line":33,"column":12},"end":{"line":33,"column":39}},"60":{"start":{"line":34,"column":22},"end":{"line":34,"column":34}},"61":{"start":{"line":34,"column":35},"end":{"line":34,"column":41}},"62":{"start":{"line":34,"column":54},"end":{"line":34,"column":64}},"63":{"start":{"line":35,"column":8},"end":{"line":35,"column":35}},"64":{"start":{"line":35,"column":23},"end":{"line":35,"column":35}},"65":{"start":{"line":35,"column":36},"end":{"line":35,"column":89}},"66":{"start":{"line":38,"column":0},"end":{"line":38,"column":62}},"67":{"start":{"line":39,"column":13},"end":{"line":39,"column":40}},"68":{"start":{"line":40,"column":27},"end":{"line":40,"column":68}},"69":{"start":{"line":41,"column":0},"end":{"line":58,"column":9}},"70":{"start":{"line":41,"column":56},"end":{"line":58,"column":6}},"71":{"start":{"line":41,"column":77},"end":{"line":58,"column":3}},"72":{"start":{"line":43,"column":4},"end":{"line":57,"column":7}},"73":{"start":{"line":44,"column":8},"end":{"line":44,"column":130}},"74":{"start":{"line":45,"column":8},"end":{"line":45,"column":45}},"75":{"start":{"line":46,"column":8},"end":{"line":56,"column":16}}},"fnMap":{"0":{"name":"(anonymous_0)","decl":{"start":{"line":2,"column":44},"end":{"line":2,"column":45}},"loc":{"start":{"line":2,"column":89},"end":{"line":10,"column":1}},"line":2},"1":{"name":"adopt","decl":{"start":{"line":3,"column":13},"end":{"line":3,"column":18}},"loc":{"start":{"line":3,"column":26},"end":{"line":3,"column":112}},"line":3},"2":{"name":"(anonymous_2)","decl":{"start":{"line":3,"column":70},"end":{"line":3,"column":71}},"loc":{"start":{"line":3,"column":89},"end":{"line":3,"column":108}},"line":3},"3":{"name":"(anonymous_3)","decl":{"start":{"line":4,"column":36},"end":{"line":4,"column":37}},"loc":{"start":{"line":4,"column":63},"end":{"line":9,"column":5}},"line":4},"4":{"name":"fulfilled","decl":{"start":{"line":5,"column":17},"end":{"line":5,"column":26}},"loc":{"start":{"line":5,"column":34},"end":{"line":5,"column":99}},"line":5},"5":{"name":"rejected","decl":{"start":{"line":6,"column":17},"end":{"line":6,"column":25}},"loc":{"start":{"line":6,"column":33},"end":{"line":6,"column":102}},"line":6},"6":{"name":"step","decl":{"start":{"line":7,"column":17},"end":{"line":7,"column":21}},"loc":{"start":{"line":7,"column":30},"end":{"line":7,"column":118}},"line":7},"7":{"name":"(anonymous_7)","decl":{"start":{"line":11,"column":48},"end":{"line":11,"column":49}},"loc":{"start":{"line":11,"column":73},"end":{"line":37,"column":1}},"line":11},"8":{"name":"(anonymous_8)","decl":{"start":{"line":12,"column":30},"end":{"line":12,"column":31}},"loc":{"start":{"line":12,"column":41},"end":{"line":12,"column":83}},"line":12},"9":{"name":"(anonymous_9)","decl":{"start":{"line":13,"column":125},"end":{"line":13,"column":126}},"loc":{"start":{"line":13,"column":136},"end":{"line":13,"column":152}},"line":13},"10":{"name":"verb","decl":{"start":{"line":14,"column":13},"end":{"line":14,"column":17}},"loc":{"start":{"line":14,"column":21},"end":{"line":14,"column":70}},"line":14},"11":{"name":"(anonymous_11)","decl":{"start":{"line":14,"column":30},"end":{"line":14,"column":31}},"loc":{"start":{"line":14,"column":43},"end":{"line":14,"column":67}},"line":14},"12":{"name":"step","decl":{"start":{"line":15,"column":13},"end":{"line":15,"column":17}},"loc":{"start":{"line":15,"column":22},"end":{"line":36,"column":5}},"line":15},"13":{"name":"(anonymous_13)","decl":{"start":{"line":41,"column":31},"end":{"line":41,"column":32}},"loc":{"start":{"line":41,"column":54},"end":{"line":58,"column":8}},"line":41},"14":{"name":"(anonymous_14)","decl":{"start":{"line":41,"column":63},"end":{"line":41,"column":64}},"loc":{"start":{"line":41,"column":75},"end":{"line":58,"column":5}},"line":41},"15":{"name":"(anonymous_15)","decl":{"start":{"line":41,"column":118},"end":{"line":41,"column":119}},"loc":{"start":{"line":41,"column":130},"end":{"line":58,"column":1}},"line":41},"16":{"name":"(anonymous_16)","decl":{"start":{"line":43,"column":29},"end":{"line":43,"column":30}},"loc":{"start":{"line":43,"column":43},"end":{"line":57,"column":5}},"line":43}},"branchMap":{"0":{"loc":{"start":{"line":2,"column":16},"end":{"line":10,"column":1}},"type":"binary-expr","locations":[{"start":{"line":2,"column":17},"end":{"line":2,"column":21}},{"start":{"line":2,"column":25},"end":{"line":2,"column":39}},{"start":{"line":2,"column":44},"end":{"line":10,"column":1}}],"line":2},"1":{"loc":{"start":{"line":3,"column":35},"end":{"line":3,"column":109}},"type":"cond-expr","locations":[{"start":{"line":3,"column":56},"end":{"line":3,"column":61}},{"start":{"line":3,"column":64},"end":{"line":3,"column":109}}],"line":3},"2":{"loc":{"start":{"line":4,"column":16},"end":{"line":4,"column":34}},"type":"binary-expr","locations":[{"start":{"line":4,"column":16},"end":{"line":4,"column":17}},{"start":{"line":4,"column":22},"end":{"line":4,"column":33}}],"line":4},"3":{"loc":{"start":{"line":7,"column":32},"end":{"line":7,"column":115}},"type":"cond-expr","locations":[{"start":{"line":7,"column":46},"end":{"line":7,"column":67}},{"start":{"line":7,"column":70},"end":{"line":7,"column":115}}],"line":7},"4":{"loc":{"start":{"line":8,"column":51},"end":{"line":8,"column":67}},"type":"binary-expr","locations":[{"start":{"line":8,"column":51},"end":{"line":8,"column":61}},{"start":{"line":8,"column":65},"end":{"line":8,"column":67}}],"line":8},"5":{"loc":{"start":{"line":11,"column":18},"end":{"line":37,"column":1}},"type":"binary-expr","locations":[{"start":{"line":11,"column":19},"end":{"line":11,"column":23}},{"start":{"line":11,"column":27},"end":{"line":11,"column":43}},{"start":{"line":11,"column":48},"end":{"line":37,"column":1}}],"line":11},"6":{"loc":{"start":{"line":12,"column":43},"end":{"line":12,"column":68}},"type":"if","locations":[{"start":{"line":12,"column":43},"end":{"line":12,"column":68}},{"start":{"line":12,"column":43},"end":{"line":12,"column":68}}],"line":12},"7":{"loc":{"start":{"line":13,"column":71},"end":{"line":13,"column":153}},"type":"binary-expr","locations":[{"start":{"line":13,"column":71},"end":{"line":13,"column":99}},{"start":{"line":13,"column":104},"end":{"line":13,"column":152}}],"line":13},"8":{"loc":{"start":{"line":16,"column":8},"end":{"line":16,"column":70}},"type":"if","locations":[{"start":{"line":16,"column":8},"end":{"line":16,"column":70}},{"start":{"line":16,"column":8},"end":{"line":16,"column":70}}],"line":16},"9":{"loc":{"start":{"line":18,"column":12},"end":{"line":18,"column":169}},"type":"if","locations":[{"start":{"line":18,"column":12},"end":{"line":18,"column":169}},{"start":{"line":18,"column":12},"end":{"line":18,"column":169}}],"line":18},"10":{"loc":{"start":{"line":18,"column":23},"end":{"line":18,"column":158}},"type":"binary-expr","locations":[{"start":{"line":18,"column":23},"end":{"line":18,"column":24}},{"start":{"line":18,"column":29},"end":{"line":18,"column":125}},{"start":{"line":18,"column":130},"end":{"line":18,"column":158}}],"line":18},"11":{"loc":{"start":{"line":18,"column":33},"end":{"line":18,"column":125}},"type":"cond-expr","locations":[{"start":{"line":18,"column":45},"end":{"line":18,"column":56}},{"start":{"line":18,"column":59},"end":{"line":18,"column":125}}],"line":18},"12":{"loc":{"start":{"line":18,"column":59},"end":{"line":18,"column":125}},"type":"cond-expr","locations":[{"start":{"line":18,"column":67},"end":{"line":18,"column":116}},{"start":{"line":18,"column":119},"end":{"line":18,"column":125}}],"line":18},"13":{"loc":{"start":{"line":18,"column":67},"end":{"line":18,"column":116}},"type":"binary-expr","locations":[{"start":{"line":18,"column":67},"end":{"line":18,"column":77}},{"start":{"line":18,"column":82},"end":{"line":18,"column":115}}],"line":18},"14":{"loc":{"start":{"line":18,"column":82},"end":{"line":18,"column":112}},"type":"binary-expr","locations":[{"start":{"line":18,"column":83},"end":{"line":18,"column":98}},{"start":{"line":18,"column":103},"end":{"line":18,"column":112}}],"line":18},"15":{"loc":{"start":{"line":19,"column":12},"end":{"line":19,"column":52}},"type":"if","locations":[{"start":{"line":19,"column":12},"end":{"line":19,"column":52}},{"start":{"line":19,"column":12},"end":{"line":19,"column":52}}],"line":19},"16":{"loc":{"start":{"line":20,"column":12},"end":{"line":32,"column":13}},"type":"switch","locations":[{"start":{"line":21,"column":16},"end":{"line":21,"column":23}},{"start":{"line":21,"column":24},"end":{"line":21,"column":46}},{"start":{"line":22,"column":16},"end":{"line":22,"column":72}},{"start":{"line":23,"column":16},"end":{"line":23,"column":65}},{"start":{"line":24,"column":16},"end":{"line":24,"column":65}},{"start":{"line":25,"column":16},"end":{"line":31,"column":43}}],"line":20},"17":{"loc":{"start":{"line":26,"column":20},"end":{"line":26,"column":128}},"type":"if","locations":[{"start":{"line":26,"column":20},"end":{"line":26,"column":128}},{"start":{"line":26,"column":20},"end":{"line":26,"column":128}}],"line":26},"18":{"loc":{"start":{"line":26,"column":24},"end":{"line":26,"column":106}},"type":"binary-expr","locations":[{"start":{"line":26,"column":24},"end":{"line":26,"column":74}},{"start":{"line":26,"column":79},"end":{"line":26,"column":90}},{"start":{"line":26,"column":94},"end":{"line":26,"column":105}}],"line":26},"19":{"loc":{"start":{"line":26,"column":42},"end":{"line":26,"column":73}},"type":"binary-expr","locations":[{"start":{"line":26,"column":42},"end":{"line":26,"column":54}},{"start":{"line":26,"column":58},"end":{"line":26,"column":73}}],"line":26},"20":{"loc":{"start":{"line":27,"column":20},"end":{"line":27,"column":106}},"type":"if","locations":[{"start":{"line":27,"column":20},"end":{"line":27,"column":106}},{"start":{"line":27,"column":20},"end":{"line":27,"column":106}}],"line":27},"21":{"loc":{"start":{"line":27,"column":24},"end":{"line":27,"column":77}},"type":"binary-expr","locations":[{"start":{"line":27,"column":24},"end":{"line":27,"column":35}},{"start":{"line":27,"column":40},"end":{"line":27,"column":42}},{"start":{"line":27,"column":47},"end":{"line":27,"column":59}},{"start":{"line":27,"column":63},"end":{"line":27,"column":75}}],"line":27},"22":{"loc":{"start":{"line":28,"column":20},"end":{"line":28,"column":89}},"type":"if","locations":[{"start":{"line":28,"column":20},"end":{"line":28,"column":89}},{"start":{"line":28,"column":20},"end":{"line":28,"column":89}}],"line":28},"23":{"loc":{"start":{"line":28,"column":24},"end":{"line":28,"column":53}},"type":"binary-expr","locations":[{"start":{"line":28,"column":24},"end":{"line":28,"column":35}},{"start":{"line":28,"column":39},"end":{"line":28,"column":53}}],"line":28},"24":{"loc":{"start":{"line":29,"column":20},"end":{"line":29,"column":87}},"type":"if","locations":[{"start":{"line":29,"column":20},"end":{"line":29,"column":87}},{"start":{"line":29,"column":20},"end":{"line":29,"column":87}}],"line":29},"25":{"loc":{"start":{"line":29,"column":24},"end":{"line":29,"column":43}},"type":"binary-expr","locations":[{"start":{"line":29,"column":24},"end":{"line":29,"column":25}},{"start":{"line":29,"column":29},"end":{"line":29,"column":43}}],"line":29},"26":{"loc":{"start":{"line":30,"column":20},"end":{"line":30,"column":42}},"type":"if","locations":[{"start":{"line":30,"column":20},"end":{"line":30,"column":42}},{"start":{"line":30,"column":20},"end":{"line":30,"column":42}}],"line":30},"27":{"loc":{"start":{"line":35,"column":8},"end":{"line":35,"column":35}},"type":"if","locations":[{"start":{"line":35,"column":8},"end":{"line":35,"column":35}},{"start":{"line":35,"column":8},"end":{"line":35,"column":35}}],"line":35},"28":{"loc":{"s
[...]
"line":68,"column":19}},"97":{"start":{"line":69,"column":16},"end":{"line":69,"column":30}},"98":{"start":{"line":71,"column":16},"end":{"line":71,"column":34}},"99":{"start":{"line":72,"column":16},"end":{"line":72,"column":32}},"100":{"start":{"line":73,"column":16},"end":{"line":73,"column":30}},"101":{"start":{"line":74,"column":20},"end":{"line":74,"column":31}},"102":{"start":{"line":78,"column":24},"end":{"line":80,"column":4}},"103":{"start":{"line":78,"column":52},"end":{"line":80,"column":2}},"104":{"start":{"line":79,"column":4},"end":{"line":79,"column":46}},"105":{"start":{"line":81,"column":0},"end":{"line":100,"column":2}},"106":{"start":{"line":82,"column":13},"end":{"line":82,"column":132}},"107":{"start":{"line":83,"column":25},"end":{"line":83,"column":27}},"108":{"start":{"line":84,"column":4},"end":{"line":99,"column":6}},"109":{"start":{"line":91,"column":12},"end":{"line":91,"column":49}},"110":{"start":{"line":91,"column":35},"end":{"line":91,"column":47}},"111":{"start":{"line":92,"column":12},"end":{"line":92,"column":60}},"112":{"start":{"line":92,"column":40},"end":{"line":92,"column":58}},"113":{"start":{"line":93,"column":12},"end":{"line":97,"column":15}}},"fnMap":{"0":{"name":"(anonymous_0)","decl":{"start":{"line":2,"column":44},"end":{"line":2,"column":45}},"loc":{"start":{"line":2,"column":89},"end":{"line":10,"column":1}},"line":2},"1":{"name":"adopt","decl":{"start":{"line":3,"column":13},"end":{"line":3,"column":18}},"loc":{"start":{"line":3,"column":26},"end":{"line":3,"column":112}},"line":3},"2":{"name":"(anonymous_2)","decl":{"start":{"line":3,"column":70},"end":{"line":3,"column":71}},"loc":{"start":{"line":3,"column":89},"end":{"line":3,"column":108}},"line":3},"3":{"name":"(anonymous_3)","decl":{"start":{"line":4,"column":36},"end":{"line":4,"column":37}},"loc":{"start":{"line":4,"column":63},"end":{"line":9,"column":5}},"line":4},"4":{"name":"fulfilled","decl":{"start":{"line":5,"column":17},"end":{"line":5,"column":26}},"loc":{"start":{"line":5,"column":34},"end":{"line":5,"column":99}},"line":5},"5":{"name":"rejected","decl":{"start":{"line":6,"column":17},"end":{"line":6,"column":25}},"loc":{"start":{"line":6,"column":33},"end":{"line":6,"column":102}},"line":6},"6":{"name":"step","decl":{"start":{"line":7,"column":17},"end":{"line":7,"column":21}},"loc":{"start":{"line":7,"column":30},"end":{"line":7,"column":118}},"line":7},"7":{"name":"(anonymous_7)","decl":{"start":{"line":11,"column":48},"end":{"line":11,"column":49}},"loc":{"start":{"line":11,"column":73},"end":{"line":37,"column":1}},"line":11},"8":{"name":"(anonymous_8)","decl":{"start":{"line":12,"column":30},"end":{"line":12,"column":31}},"loc":{"start":{"line":12,"column":41},"end":{"line":12,"column":83}},"line":12},"9":{"name":"(anonymous_9)","decl":{"start":{"line":13,"column":125},"end":{"line":13,"column":126}},"loc":{"start":{"line":13,"column":136},"end":{"line":13,"column":152}},"line":13},"10":{"name":"verb","decl":{"start":{"line":14,"column":13},"end":{"line":14,"column":17}},"loc":{"start":{"line":14,"column":21},"end":{"line":14,"column":70}},"line":14},"11":{"name":"(anonymous_11)","decl":{"start":{"line":14,"column":30},"end":{"line":14,"column":31}},"loc":{"start":{"line":14,"column":43},"end":{"line":14,"column":67}},"line":14},"12":{"name":"step","decl":{"start":{"line":15,"column":13},"end":{"line":15,"column":17}},"loc":{"start":{"line":15,"column":22},"end":{"line":36,"column":5}},"line":15},"13":{"name":"(anonymous_13)","decl":{"start":{"line":38,"column":54},"end":{"line":38,"column":55}},"loc":{"start":{"line":38,"column":66},"end":{"line":44,"column":1}},"line":38},"14":{"name":"(anonymous_14)","decl":{"start":{"line":45,"column":56},"end":{"line":45,"column":57}},"loc":{"start":{"line":45,"column":71},"end":{"line":47,"column":1}},"line":45},"15":{"name":"(anonymous_15)","decl":{"start":{"line":52,"column":15},"end":{"line":52,"column":16}},"loc":{"start":{"line":52,"column":38},"end":{"line":77,"column":8}},"line":52},"16":{"name":"(anonymous_16)","decl":{"start":{"line":52,"column":47},"end":{"line":52,"column":48}},"loc":{"start":{"line":52,"column":67},"end":{"line":77,"column":5}},"line":52},"17":{"name":"(anonymous_17)","decl":{"start":{"line":52,"column":110},"end":{"line":52,"column":111}},"loc":{"start":{"line":52,"column":122},"end":{"line":77,"column":1}},"line":52},"18":{"name":"(anonymous_18)","decl":{"start":{"line":54,"column":29},"end":{"line":54,"column":30}},"loc":{"start":{"line":54,"column":43},"end":{"line":76,"column":5}},"line":54},"19":{"name":"(anonymous_19)","decl":{"start":{"line":78,"column":24},"end":{"line":78,"column":25}},"loc":{"start":{"line":78,"column":50},"end":{"line":80,"column":4}},"line":78},"20":{"name":"(anonymous_20)","decl":{"start":{"line":78,"column":59},"end":{"line":78,"column":60}},"loc":{"start":{"line":78,"column":79},"end":{"line":80,"column":1}},"line":78},"21":{"name":"(anonymous_21)","decl":{"start":{"line":81,"column":23},"end":{"line":81,"column":24}},"loc":{"start":{"line":81,"column":46},"end":{"line":100,"column":1}},"line":81},"22":{"name":"(anonymous_22)","decl":{"start":{"line":90,"column":27},"end":{"line":90,"column":28}},"loc":{"start":{"line":90,"column":80},"end":{"line":98,"column":9}},"line":90}},"branchMap":{"0":{"loc":{"start":{"line":2,"column":16},"end":{"line":10,"column":1}},"type":"binary-expr","locations":[{"start":{"line":2,"column":17},"end":{"line":2,"column":21}},{"start":{"line":2,"column":25},"end":{"line":2,"column":39}},{"start":{"line":2,"column":44},"end":{"line":10,"column":1}}],"line":2},"1":{"loc":{"start":{"line":3,"column":35},"end":{"line":3,"column":109}},"type":"cond-expr","locations":[{"start":{"line":3,"column":56},"end":{"line":3,"column":61}},{"start":{"line":3,"column":64},"end":{"line":3,"column":109}}],"line":3},"2":{"loc":{"start":{"line":4,"column":16},"end":{"line":4,"column":34}},"type":"binary-expr","locations":[{"start":{"line":4,"column":16},"end":{"line":4,"column":17}},{"start":{"line":4,"column":22},"end":{"line":4,"column":33}}],"line":4},"3":{"loc":{"start":{"line":7,"column":32},"end":{"line":7,"column":115}},"type":"cond-expr","locations":[{"start":{"line":7,"column":46},"end":{"line":7,"column":67}},{"start":{"line":7,"column":70},"end":{"line":7,"column":115}}],"line":7},"4":{"loc":{"start":{"line":8,"column":51},"end":{"line":8,"column":67}},"type":"binary-expr","locations":[{"start":{"line":8,"column":51},"end":{"line":8,"column":61}},{"start":{"line":8,"column":65},"end":{"line":8,"column":67}}],"line":8},"5":{"loc":{"start":{"line":11,"column":18},"end":{"line":37,"column":1}},"type":"binary-expr","locations":[{"start":{"line":11,"column":19},"end":{"line":11,"column":23}},{"start":{"line":11,"column":27},"end":{"line":11,"column":43}},{"start":{"line":11,"column":48},"end":{"line":37,"column":1}}],"line":11},"6":{"loc":{"start":{"line":12,"column":43},"end":{"line":12,"column":68}},"type":"if","locations":[{"start":{"line":12,"column":43},"end":{"line":12,"column":68}},{"start":{"line":12,"column":43},"end":{"line":12,"column":68}}],"line":12},"7":{"loc":{"start":{"line":13,"column":71},"end":{"line":13,"column":153}},"type":"binary-expr","locations":[{"start":{"line":13,"column":71},"end":{"line":13,"column":99}},{"start":{"line":13,"column":104},"end":{"line":13,"column":152}}],"line":13},"8":{"loc":{"start":{"line":16,"column":8},"end":{"line":16,"column":70}},"type":"if","locations":[{"start":{"line":16,"column":8},"end":{"line":16,"column":70}},{"start":{"line":16,"column":8},"end":{"line":16,"column":70}}],"line":16},"9":{"loc":{"start":{"line":18,"column":12},"end":{"line":18,"column":169}},"type":"if","locations":[{"start":{"line":18,"column":12},"end":{"line":18,"column":169}},{"start":{"line":18,"column":12},"end":{"line":18,"column":169}}],"line":18},"10":{"loc":{"start":{"line":18,"column":23},"end":{"line":18,"column":158}},"type":"binary-expr","locations":[{"start":{"line":18,"column":23},"end":{"line":18,"column":24}},{"start":{"line":18,"column":29},"end":{"line":18,"column":125}},{"start":{"line":18,"column":130},"end":{"line":18,"column":158}}],"line":18},"11":{"loc":{"start":{"line":18,"column":33},"end":{"line":18,"column":125}},"type":"cond-expr","locations":[{"start":{"line":18,"column":45},"end":{"line":18,"column":56}},{"start":{"line":18,"column":59},"end":{"line":18,"column":125}}],"line":18},"12":{"loc":{"start":{"line":18,"column":59},"end":{"line":18,"column":125}},"type":"cond-expr","locations":[{"start":{"line":18,"column":67},"end":{"line":18,"column":116}},{"start":{"line":18,"column":119},"end":{"line":18,"column":125}}],"line":18},"13":{"loc":{"start":{"line":18,"column":67},"end":{"line":18,"column":116}},"type":"binary-expr","locations":[{"start":{"line":18,"column":67},"end":{"line":18,"column":77}},{"start":{"line":18,"column":82},"end":{"line":18,"column":115}}],"line":18},"14":{"loc":{"start":{"line":18,"column":82},"end":{"line":18,"column":112}},"type":"binary-expr","locations":[{"start":{"line":18,"column":83},"end":{"line":18,"column":98}},{"start":{"line":18,"column":103},"end":{"line":18,"column":112}}],"line":18},"15":{"loc":{"start":{"line":19,"column":12},"end":{"line":19,"column":52}},"type":"if","locations":[{"start":{"line":19,"column":12},"end":{"line":19,"column":52}},{"start":{"line":19,"column":12},"end":{"line":19,"column":52}}],"line":19},"16":{"loc":{"start":{"line":20,"column":12},"end":{"line":32,"column":13}},"type":"switch","locations":[{"start":{"line":21,"column":16},"end":{"line":21,"column":23}},{"start":{"line":21,"column":24},"end":{"line":21,"column":46}},{"start":{"line":22,"column":16},"end":{"line":22,"column":72}},{"start":{"line":23,"column":16},"end":{"line":23,"column":65}},{"start":{"line":24,"column":16},"end":{"line":24,"column":65}},{"start":{"line":25,"column":16},"end":{"line":31,"column":43}}],"line":20},"17":{"loc":{"start":{"line":26,"column":20},"end":{"line":26,"column":128}},"type":"if","locations":[{"start":{"line":26,"column":20},"end":{"line":26,"column":128}},{"start":{"line":26,"column":20},"end":{"line":26,"column":128}}],"line":26},"18":{"loc":{"start":{"line":26,"column":24},"end":{"line":26,"column":106}},"type":"binary-expr","locations":[{"start":{"line":26,"column":24},"end":{"line":26,"column":74}},{"start":{"line":26,"column":79},"end":{"line":26,"column":90}},{"start":{"line":26,"column":94},"end":{"line":26,"column":105}}],"line":26},"19":{"loc":{"start":{"line":26,"column":42},"end":{"line":26,"column":73}},"type":"binary-expr","locations":[{"start":{"line":26,"column":42},"end":{"line":26,"column":54}},{"start":{"line":26,"column":58},"end":{"line":26,"column":73}}],"line":26},"20":{"loc":{"start":{"line":27,"column":20},"end":{"line":27,"column":106}},"type":"if","locations":[{"start":{"line":27,"column":20},"end":{"line":27,"column":106}},{"start":{"line":27,"column":20},"end":{"line":27,"column":106}}],"line":27},"21":{"loc":{"start":{"line":27,"column":24},"end":{"line":27,"column":77}},"type":"binary-expr","locations":[{"start":{"line":27,"column":24},"end":{"line":27,"column":35}},{"start":{"line":27,"column":40},"end":{"line":27,"column":42}},{"start":{"line":27,"column":47},"end":{"line":27,"column":59}},{"start":{"line":27,"column":63},"end":{"line":27,"column":75}}],"line":27},"22":{"loc":{"start":{"line":28,"column":20},"end":{"line":28,"column":89}},"type":"if","locations":[{"start":{"line":28,"column":20},"end":{"line":28,"column":89}},{"start":{"line":28,"column":20},"end":{"line":28,"column":89}}],"line":28},"23":{"loc":{"start":{"line":28,"column":24},"end":{"line":28,"column":53}},"type":"binary-expr","locations":[{"start":{"line":28,"column":24},"end":{"line":28,"column":35}},{"start":{"line":28,"column":39},"end":{"line":28,"column":53}}],"line":28},"24":{"loc":{"start":{"line":29,"column":20},"end":{"line":29,"column":87}},"type":"if","locations":[{"start":{"line":29,"column":20},"end":{"line":29,"column":87}},{"start":{"line":29,"column":20},"end":{"line":29,"column":87}}],"line":29},"25":{"loc":{"start":{"line":29,"column":24},"end":{"line":29,"column":43}},"type":"binary-expr","locations":[{"start":{"line":29,"column":24},"end":{"line":29,"column":25}},{"start":{"line":29,"column":29},"end":{"line":29,"column":43}}],"line":29},"26":{"loc":{"start":{"line":30,"column":20},"end":{"line":30,"column":42}},"type":"if","locations":[{"start":{"line":30,"column":20},"end":{"line":30,"column":42}},{"start":{"line":30,"column":20},"end":{"line":30,"column":42}}],"line":30},"27":{"loc":{"start":{"line":35,"column":8},"end":{"line":35,"column":35}},"type":"if","locations":[{"start":{"line":35,"column":8},"end":{"line":35,"column":35}},{"start":{"line":35,"column":8},"end":{"line":35,"column":35}}],"line":35},"28":{"loc":{"start":{"line":35,"column":52},"end":{"line":35,"column":74}},"type":"cond-expr","locations":[{"start":{"line":35,"column":60},"end":{"line":35,"column":65}},{"start":{"line":35,"column":68},"end":{"line":35,"column":74}}],"line":35},"29":{"loc":{"start":{"line":38,"column":21},"end":{"line":44,"column":1}},"type":"binary-expr","locations":[{"start":{"line":38,"column":22},"end":{"line":38,"column":26}},{"start":{"line":38,"column":30},"end":{"line":38,"column":49}},{"start":{"line":38,"column":54},"end":{"line":44,"column":1}}],"line":38},"30":{"loc":{"start":{"line":45,"column":22},"end":{"line":47,"column":1}},"type":"binary-expr","locations":[{"start":{"line":45,"column":23},"end":{"line":45,"column":27}},{"start":{"line":45,"column":31},"end":{"line":45,"column":51}},{"start":{"line":45,"column":56},"end":{"line":47,"column":1}}],"line":45},"31":{"loc":{"start":{"line":46,"column":11},"end":{"line":46,"column":61}},"type":"cond-expr","locations":[{"start":{"line":46,"column":37},"end":{"line":46,"column":40}},{"start":{"line":46,"column":43},"end":{"line":46,"column":61}}],"line":46},"32":{"loc":{"start":{"line":46,"column":12},"end":{"line":46,"column":33}},"type":"binary-expr","locations":[{"start":{"line":46,"column":12},"end":{"line":46,"column":15}},{"start":{"line":46,"column":19},"end":{"line":46,"column":33}}],"line":46},"33":{"loc":{"start":{"line":55,"column":8},"end":{"line":75,"column":9}},"type":"switch","locations":[{"start":{"line":56,"column":12},"end":{"line":58,"column":81}},{"start":{"line":59,"column":12},"end":{"line":69,"column":30}},{"start":{"line":70,"column":12},"end":{"line":73,"column":30}},{"start":{"line":74,"column":12},"end":{"line":74,"column":31}}],"line":55},"34":{"loc":{"start":{"line":65,"column":33},"end":{"line":67,"column":38}},"type":"cond-expr","locations":[{"start":{"line":66,"column":26},"end":{"line":66,"column":35}},{"start":{"line":67,"column":26},"end":{"line":67,"column":38}}],"line":65},"35":{"loc":{"start":{"line":91,"column":12},"end":{"line":91,"column":49}},"type":"if","locations":[{"start":{"line":91,"column":12},"end":{"line":91,"column":49}},{"start":{"line":91,"column":12},"end":{"line":91,"column":49}}],"line":91},"36":{"loc":{"start":{"line":92,"column":12},"end":{"line":92,"column":60}},"type":"if","locations":[{"start":{"line":92,"column":12},"end":{"line":92,"column":60}},{"start":{"line":92,"column":12},"end":{"line":92,"column":60}}],"line":92}},"s":{"0":1,"1":0,"2":0,"3":0,"4":0,"5":0,"6":0,"7":0,"8":0,"9":0,"10":0,"11":0,"12":1,"13":0,"14":0,"15":0,"16":0,"17":0,"18":0,"19":0,"20":0,"21":0,"22":0,"23":0,"24":0,"25":0,"26":0,"27":0,"28":0,"29":0,"30":0,"31":0,"32":0,"33":0,"34":0,"35":0,"36":0,"37":0,"38":0,"39":0,"40":0,"41":0,"42":0,"43":0,"44":0,"45":0,"46":0,"47":0,"48":0,"49":0,"50":0,"51":0,"52":0,"53":0,"54":0,"55":0,"56":0,"57":0,"58":0,"59":0,"60":0,"61":0,"62":0,"63":0,"64":0,"65":0,"66":1,"67":1,"68":1,"69":1,"70":1,"71":2,"72":1,"73":1,"74":1,"75":1,"76":2,"77":2,"78":2,"79":2,"80":1,"81":1,"82":1,"83":2,"84":1,"85":1,"86":1,"87":1,"88":1,"89":1,"90":0,"91":0,"92":0,"93":0,"94":0,"95":0,"96":0,"97":0,"98":0,"99":0,"100":0,"101":0,"102":1,"103":1,"104":0,"105":1,"106":1,"107":1,"108":1,"109":1,"110":0,"111":1,"112":0,"113":1},"f":{"0":0,"1":0,"2":0,"3":0,"4":0,"5":0,"6":0,"7":0,"8":0,"9":0,"10":0,"11":0,"12":0,"13":1,"14":2,"15":1,"16":0,"17":0,"18":0,"19":1,"20":0,"21":1,"22":1},"b":{"0":[1,1,1],"1":[0,0],"2":[0,0],"3":[0,0],"4":[0,0],"5":[1,1,1],"6":[0,0],"7":[0,0],"8":[0,0],"9":[0,0],"10":[0,0,0],"11":[0,0],"12":[0,0],"13":[0,0],"14":[0,0],"15":[0,0],"16":[0,0,0,0,0,0],"17":[0,0],"18":[0,0,0],"19":[0,0],"20":[0,0],"21":[0,0,0,0],"22":[0,0],"23":[0,0],"24":[0,0],"25":[0,0],"26":[0,0],"27":[0,0],"28":[0,0],"29":[1,1,1],"30":[1,1,1],"31":[0,2],"32":[2,2],"33":[0,0,0,0],"34":[0,0],"35":[0,1],"36":[0,1]},"inputSourceMap":{"version":3,"file":"/home/t-kimathi/tkimathi/Workspace-AT/sdk/africastalking-node.js/src/utils/server/tokenService.ts","sources":["/home/t-kimathi/tkimathi/Workspace-AT/sdk/africastalking-node.js/src/utils/server/tokenService.ts"],"names":[],"mappings":";;;;;;;;;;;;;;;;;;;;;;;;;;;;;;;;;;;;;;;;;;;;;;;;AAAA,8CAAwB;AACxB,8CAAwB;AACxB,4EAA2E;AAM3E,IAAM,QAAQ,GAAG,UAAC,WAAwB,IAAe,OAAA,UAAO,IAAI,EAAE,EAAE;;;;;;gBAE/B,WAAM,qCAAiB,CAAC,WAAW,CAAC,EAAE,EAAA;;gBAArE,KAA+B,SAAsC,EAAnE,KAAK,WAAA,EAAE,iBAAiB,uBAAA;gBAEhC,EAAE,CAAC,IAAI,EAAE;oBACP,KAAK,OAAA;oBACL,UAAU,EAAE,IAAI,CAAC,GAAG,EAAE,GAAG,CAAC,iBAAiB,GAAG,IAAI,CAAC;oBACnD,QAAQ,EAAE,WAAW,CAAC,QAAQ;oBAC9B,WAAW,EAAE,WAAW,CAAC,QAAQ,KAAK,SAAS;wBAC7C,CAAC,CAAC,SAAS;wBACX,CAAC,CAAC,YAAY;iBACjB,CAAC,CAAC;;;;gBAEH,EAAE,CAAC,KAAG,EAAE,IAAI,CAAC,CAAC;;;;;KAEjB,EAfwD,CAexD,CAAC;AAEF,IAAM,iBAAiB,GAAG,UAAC,cAA+B,IAAyB,OAAA,UAAC,IAAI,EAAE,EAAE;IAC1F,EAAE,CAAC,IAAI,EAAE,EAAE,WAAW,EAAE,cAAc,EAAE,CAAC,CAAC;AAC5C,CAAC,EAFkF,CAElF,CAAC;AAEW,QAAA,YAAY,GAAG,UAAC,WAAwB;IAC3C,IAAA,4HAAkB,CAA0F;IACpH,IAAI,cAAc,GAAoB,EAAE,CAAC;IAEzC,OAAO;QACL,UAAU,EAAE,EAAE,CAAC,gBAAgB,CAAC,OAAO;QACvC,cAAc,EAAE;YACd,QAAQ,EAAE,QAAQ,CAAC,WAAW,CAAC;YAC/B,iBAAiB,EAAE,iBAAiB,CAAC,cAAc,CAAC;SACrD;QACD,iBAAiB,EAAE,UAAC,QAAQ,EAAE,QAAQ,EAAE,IAAI,EAAE,IAAW,EAAE,SAAiB;YAA9B,qBAAA,EAAA,WAAW;YAAE,0BAAA,EAAA,iBAAiB;YAC1E,cAAc,kBACT,cAAc;gBACjB;oBACE,QAAQ,UAAA,EAAE,QAAQ,UAAA,EAAE,IAAI,MAAA,EAAE,IAAI,MAAA,EAAE,SAAS,WAAA;iBAC1C;cACF,CAAC;QACJ,CAAC;KACF,CAAC;AACJ,CAAC,CAAC","sourcesContent":["import grpc from 'grpc';\nimport path from 'path';\nimport { generateAuthToken } from '../../products/token/generateAuthToken';\nimport { Credentials } from '../getFullCredentials.types';\nimport {\n  GetToken, SipCredential, GetSipCredentials, TokenService,\n} from './tokenService.types';\n\nconst getToken = (credentials: Credentials): GetToken => async (_cxt, cb) => {\n  try {\n    const { token, lifetimeInSeconds } = await generateAuthToken(credentials)();\n\n    cb(null, {\n      token,\n      expiration: Date.now() + (lifetimeInSeconds * 1000),\n      username: credentials.username,\n      environment: credentials.username === 'sandbox'\n        ? 'sandbox'\n        : 'production',\n    });\n  } catch (err) {\n    cb(err, null);\n  }\n};\n\nconst getSipCredentials = (sipCredentials: SipCredential[]) : GetSipCredentials => (_cxt, cb) => {\n  cb(null, { credentials: sipCredentials });\n};\n\nexport const tokenService = (credentials: Credentials): TokenService => {\n  const { africastalking: fd } = grpc.load(path.join(__dirname, './proto/com/africastalking/SdkServerService.proto'));\n  let sipCredentials: SipCredential[] = [];\n\n  return {\n    definition: fd.SdkServerService.service,\n    implementation: {\n      getToken: getToken(credentials),\n      getSipCredentials: getSipCredentials(sipCredentials),\n    },\n    addSipCredentials: (username, password, host, port = 5060, transport = 'udp') => {\n      sipCredentials = [\n        ...sipCredentials,\n        {\n          username, password, host, port, transport,\n        },\n      ];\n    },\n  };\n};\n"]},"_coverageSchema":"1a1c01bbd47fc00a2c39e90264f33305004495a9","hash":"4838668cb1b1dd14a080a513714fe450d8ca0e0a","contentHash":"623b7615af9a5db69e590ae4bf5fe724460ad6ed486a1a6ff5fa84ece8e58dfa"}}